


дек. 30, 2021 2:24:12 PM model.ErrMesLog doLog
INFO: Начало работы программы
дек. 30, 2021 2:24:40 PM model.ErrMesLog errLog
SEVERE: Файл не обнаружен. Данные не загружены
дек. 30, 2021 2:24:47 PM model.ErrMesLog errLog
SEVERE: Файл не обнаружен. Данные не загружены
дек. 30, 2021 2:26:18 PM model.ErrMesLog doLog
INFO: Начало работы программы
дек. 30, 2021 2:26:24 PM model.ErrMesLog doLog
INFO: Молекулы сохранены
дек. 30, 2021 2:26:24 PM model.ErrMesLog doLog
INFO: Молекулы сохранены
дек. 30, 2021 2:26:29 PM model.ErrMesLog doLog
INFO: Добавлена молекула углерод х:275 y: 143
дек. 30, 2021 2:26:30 PM model.ErrMesLog doLog
INFO: Добавлена молекула углерод х:226 y: 299
дек. 30, 2021 2:26:34 PM model.ErrMesLog doLog
INFO: Молекула углерода удалена х:226 y: 299
дек. 30, 2021 2:26:37 PM model.ErrMesLog doLog
INFO: Молекулы сохранены
дек. 30, 2021 2:26:37 PM model.ErrMesLog doLog
INFO: Молекулы сохранены
дек. 30, 2021 2:26:41 PM model.ErrMesLog doLog
INFO: Молекула углерода удалена х:275 y: 143
дек. 30, 2021 2:26:59 PM model.ErrMesLog doLog
INFO: Добавлена молекула азота х:302 y: 257
дек. 30, 2021 2:27:01 PM model.ErrMesLog doLog
INFO: Молекулы сохранены
дек. 30, 2021 2:27:01 PM model.ErrMesLog doLog
INFO: Молекулы сохранены
дек. 30, 2021 2:27:05 PM model.ErrMesLog doLog
INFO: Добавлена молекула азота х:310 y: 262
дек. 30, 2021 2:28:37 PM model.ErrMesLog doLog
INFO: Начало работы программы
дек. 30, 2021 2:28:40 PM model.ErrMesLog doLog
INFO: Добавлена молекула углерод х:106 y: 293
дек. 30, 2021 2:30:23 PM model.ErrMesLog doLog
INFO: Начало работы программы
дек. 30, 2021 2:30:34 PM model.ErrMesLog doLog
INFO: Добавлена молекула углерод х:447 y: 167
дек. 30, 2021 2:30:35 PM model.ErrMesLog doLog
INFO: Добавлена молекула углерод х:448 y: 168
дек. 30, 2021 2:30:36 PM model.ErrMesLog doLog
INFO: Добавлена молекула углерод х:465 y: 40
дек. 30, 2021 2:36:50 PM model.ErrMesLog doLog
INFO: Начало работы программы
дек. 30, 2021 2:38:17 PM model.ErrMesLog doLog
INFO: Начало работы программы
дек. 30, 2021 2:40:32 PM model.ErrMesLog doLog
INFO: Начало работы программы
дек. 30, 2021 2:41:52 PM model.ErrMesLog doLog
INFO: Начало работы программы
дек. 30, 2021 2:42:28 PM model.ErrMesLog doLog
INFO: Молекула углерода удалена х:275 y: 143
дек. 30, 2021 2:43:42 PM model.ErrMesLog doLog
INFO: Начало работы программы
дек. 30, 2021 2:44:08 PM model.ErrMesLog doLog
INFO: Молекула азота удалена х:302 y: 257
дек. 30, 2021 3:45:14 PM model.ErrMesLog doLog
INFO: Начало работы программы
дек. 30, 2021 3:46:36 PM model.ErrMesLog doLog
INFO: Начало работы программы
дек. 30, 2021 3:47:09 PM model.ErrMesLog doLog
INFO: Начало работы программы
дек. 30, 2021 4:05:14 PM model.ErrMesLog doLog
INFO: Начало работы программы
дек. 30, 2021 4:06:44 PM model.ErrMesLog doLog
INFO: Начало работы программы
дек. 30, 2021 4:07:00 PM model.ErrMesLog doLog
INFO: Начало работы программы
дек. 30, 2021 4:07:29 PM model.ErrMesLog doLog
INFO: Начало работы программы
дек. 30, 2021 4:07:48 PM model.ErrMesLog doLog
INFO: Начало работы программы
дек. 30, 2021 4:08:03 PM model.ErrMesLog doLog
INFO: Начало работы программы
дек. 30, 2021 4:15:03 PM model.ErrMesLog doLog
INFO: Начало работы программы
дек. 30, 2021 4:15:43 PM model.ErrMesLog doLog
INFO: Начало работы программы
дек. 30, 2021 4:16:08 PM model.ErrMesLog doLog
INFO: Начало работы программы
дек. 30, 2021 4:17:55 PM model.ErrMesLog doLog
INFO: Начало работы программы
дек. 30, 2021 4:18:14 PM model.ErrMesLog doLog
INFO: Начало работы программы
дек. 30, 2021 4:19:44 PM model.ErrMesLog doLog
INFO: Начало работы программы
дек. 30, 2021 4:20:38 PM model.ErrMesLog doLog
INFO: Начало работы программы
дек. 30, 2021 4:20:55 PM model.ErrMesLog doLog
INFO: Начало работы программы
дек. 30, 2021 4:21:10 PM model.ErrMesLog doLog
INFO: Начало работы программы
дек. 30, 2021 4:21:30 PM model.ErrMesLog doLog
INFO: Начало работы программы
дек. 30, 2021 4:45:26 PM model.ErrMesLog doLog
INFO: Начало работы программы
дек. 30, 2021 4:45:47 PM model.ErrMesLog doLog
INFO: Начало работы программы
дек. 30, 2021 4:46:02 PM model.ErrMesLog doLog
INFO: Начало работы программы
дек. 30, 2021 4:47:53 PM model.ErrMesLog doLog
INFO: Начало работы программы
дек. 30, 2021 4:48:29 PM model.ErrMesLog doLog
INFO: Начало работы программы
дек. 30, 2021 4:48:47 PM model.ErrMesLog doLog
INFO: Начало работы программы
дек. 30, 2021 4:49:08 PM model.ErrMesLog doLog
INFO: Начало работы программы
дек. 30, 2021 4:49:21 PM model.ErrMesLog doLog
INFO: Начало работы программы
дек. 30, 2021 4:49:35 PM model.ErrMesLog doLog
INFO: Начало работы программы
дек. 30, 2021 4:50:51 PM model.ErrMesLog doLog
INFO: Начало работы программы
дек. 30, 2021 4:51:41 PM model.ErrMesLog doLog
INFO: Начало работы программы
дек. 30, 2021 4:52:07 PM model.ErrMesLog doLog
INFO: Начало работы программы
дек. 30, 2021 4:52:22 PM model.ErrMesLog doLog
INFO: Начало работы программы
дек. 30, 2021 4:53:31 PM model.ErrMesLog doLog
INFO: Начало работы программы
дек. 30, 2021 4:54:01 PM model.ErrMesLog doLog
INFO: Начало работы программы
дек. 30, 2021 4:54:42 PM model.ErrMesLog doLog
INFO: Начало работы программы
дек. 30, 2021 4:55:09 PM model.ErrMesLog doLog
INFO: Начало работы программы
дек. 30, 2021 4:55:45 PM model.ErrMesLog doLog
INFO: Начало работы программы
дек. 30, 2021 4:56:03 PM model.ErrMesLog doLog
INFO: Начало работы программы
дек. 30, 2021 4:56:19 PM model.ErrMesLog doLog
INFO: Начало работы программы
дек. 30, 2021 4:56:40 PM model.ErrMesLog doLog
INFO: Начало работы программы
дек. 30, 2021 4:57:04 PM model.ErrMesLog doLog
INFO: Начало работы программы
дек. 30, 2021 4:57:18 PM model.ErrMesLog doLog
INFO: Начало работы программы
дек. 30, 2021 4:57:33 PM model.ErrMesLog doLog
INFO: Начало работы программы
дек. 30, 2021 4:57:46 PM model.ErrMesLog doLog
INFO: Начало работы программы
дек. 30, 2021 4:58:09 PM model.ErrMesLog doLog
INFO: Начало работы программы
дек. 30, 2021 4:58:32 PM model.ErrMesLog doLog
INFO: Начало работы программы
дек. 30, 2021 4:58:57 PM model.ErrMesLog doLog
INFO: Начало работы программы
дек. 30, 2021 5:00:15 PM model.ErrMesLog doLog
INFO: Начало работы программы
дек. 30, 2021 5:00:54 PM model.ErrMesLog doLog
INFO: Начало работы программы
дек. 30, 2021 5:10:28 PM model.ErrMesLog doLog
INFO: Начало работы программы
дек. 30, 2021 5:10:35 PM model.ErrMesLog doLog
INFO: Добавлена молекула кислорода х:320 y: 362
дек. 30, 2021 5:12:06 PM model.ErrMesLog doLog
INFO: Добавлена молекула кислорода х:325 y: 362
дек. 30, 2021 5:12:07 PM model.ErrMesLog doLog
INFO: Добавлена молекула кислорода х:325 y: 362
дек. 30, 2021 5:14:55 PM model.ErrMesLog doLog
INFO: Начало работы программы
дек. 30, 2021 5:15:01 PM model.ErrMesLog doLog
INFO: Добавлен радикал х:304 y: 306
дек. 30, 2021 5:15:02 PM model.ErrMesLog doLog
INFO: Добавлен радикал х:388 y: 249
дек. 30, 2021 5:15:03 PM model.ErrMesLog doLog
INFO: Добавлен радикал х:496 y: 280
дек. 30, 2021 5:15:50 PM model.ErrMesLog doLog
INFO: Начало работы программы
дек. 30, 2021 5:15:54 PM model.ErrMesLog doLog
INFO: Добавлен радикал х:332 y: 321
дек. 30, 2021 5:15:56 PM model.ErrMesLog doLog
INFO: Добавлен радикал х:406 y: 189
дек. 30, 2021 5:15:57 PM model.ErrMesLog doLog
INFO: Добавлен радикал х:102 y: 339
дек. 30, 2021 5:15:58 PM model.ErrMesLog doLog
INFO: Добавлен радикал х:216 y: 176
дек. 30, 2021 5:15:59 PM model.ErrMesLog doLog
INFO: Добавлен радикал х:381 y: 80
дек. 30, 2021 5:16:00 PM model.ErrMesLog doLog
INFO: Добавлен радикал х:54 y: 199
дек. 30, 2021 5:16:01 PM model.ErrMesLog doLog
INFO: Добавлен радикал х:162 y: 223
дек. 30, 2021 5:16:02 PM model.ErrMesLog doLog
INFO: Добавлен радикал х:171 y: 137
дек. 30, 2021 5:16:02 PM model.ErrMesLog doLog
INFO: Добавлен радикал х:118 y: 98
дек. 30, 2021 5:16:04 PM model.ErrMesLog doLog
INFO: Добавлен радикал х:268 y: 138
дек. 30, 2021 5:16:04 PM model.ErrMesLog doLog
INFO: Добавлен радикал х:250 y: 338
дек. 30, 2021 5:16:05 PM model.ErrMesLog doLog
INFO: Добавлен радикал х:449 y: 295
дек. 30, 2021 5:16:06 PM model.ErrMesLog doLog
INFO: Добавлен радикал х:463 y: 207
дек. 30, 2021 5:16:06 PM model.ErrMesLog doLog
INFO: Добавлен радикал х:216 y: 253
дек. 30, 2021 5:16:07 PM model.ErrMesLog doLog
INFO: Добавлен радикал х:586 y: 70
дек. 30, 2021 5:16:07 PM model.ErrMesLog doLog
INFO: Добавлен радикал х:568 y: 180
дек. 30, 2021 5:16:08 PM model.ErrMesLog doLog
INFO: Добавлен радикал х:498 y: 115
дек. 30, 2021 5:16:09 PM model.ErrMesLog doLog
INFO: Добавлен радикал х:422 y: 137
дек. 30, 2021 5:16:10 PM model.ErrMesLog doLog
INFO: Добавлен радикал х:339 y: 165
дек. 30, 2021 5:16:11 PM model.ErrMesLog doLog
INFO: Добавлен радикал х:312 y: 206
дек. 30, 2021 5:16:37 PM model.ErrMesLog doLog
INFO: Добавлен радикал х:431 y: 321
дек. 30, 2021 5:16:38 PM model.ErrMesLog doLog
INFO: Добавлен радикал х:333 y: 409
дек. 30, 2021 5:16:39 PM model.ErrMesLog doLog
INFO: Добавлен радикал х:135 y: 427
дек. 30, 2021 5:16:40 PM model.ErrMesLog doLog
INFO: Добавлен радикал х:229 y: 418
дек. 30, 2021 5:16:41 PM model.ErrMesLog doLog
INFO: Добавлен радикал х:183 y: 357
дек. 30, 2021 5:16:42 PM model.ErrMesLog doLog
INFO: Добавлен радикал х:160 y: 306
дек. 30, 2021 5:16:43 PM model.ErrMesLog doLog
INFO: Добавлен радикал х:114 y: 277
дек. 30, 2021 5:57:45 PM model.ErrMesLog doLog
INFO: Начало работы программы
дек. 30, 2021 5:57:50 PM model.ErrMesLog doLog
INFO: Добавлена молекула углерод х:150 y: 135
дек. 30, 2021 5:57:51 PM model.ErrMesLog doLog
INFO: Добавлена молекула углерод х:442 y: 323
дек. 30, 2021 5:58:34 PM model.ErrMesLog doLog
INFO: Начало работы программы
дек. 30, 2021 5:58:39 PM model.ErrMesLog doLog
INFO: Добавлена молекула кислорода х:232 y: 330
дек. 30, 2021 5:58:40 PM model.ErrMesLog doLog
INFO: Добавлена молекула кислорода х:442 y: 170
дек. 30, 2021 5:58:40 PM model.ErrMesLog doLog
INFO: Добавлена молекула кислорода х:442 y: 170
дек. 30, 2021 5:58:43 PM model.ErrMesLog doLog
INFO: Добавлена молекула кислорода х:225 y: 330
дек. 30, 2021 5:58:50 PM model.ErrMesLog doLog
INFO: Начало работы программы
дек. 30, 2021 5:58:53 PM model.ErrMesLog doLog
INFO: Добавлена молекула азота х:161 y: 333
дек. 30, 2021 5:58:54 PM model.ErrMesLog doLog
INFO: Добавлена молекула азота х:343 y: 224
дек. 30, 2021 5:59:49 PM model.ErrMesLog doLog
INFO: Начало работы программы
дек. 30, 2021 5:59:59 PM model.ErrMesLog doLog
INFO: Добавлена молекула углерод х:120 y: 124
дек. 30, 2021 6:00:00 PM model.ErrMesLog doLog
INFO: Добавлена молекула углерод х:240 y: 209
дек. 30, 2021 6:00:28 PM model.ErrMesLog doLog
INFO: Начало работы программы
дек. 30, 2021 6:00:32 PM model.ErrMesLog doLog
INFO: Добавлена молекула азота х:242 y: 155
дек. 30, 2021 6:00:33 PM model.ErrMesLog doLog
INFO: Добавлена молекула азота х:379 y: 283
дек. 30, 2021 6:01:14 PM model.ErrMesLog doLog
INFO: Начало работы программы
дек. 30, 2021 6:01:17 PM model.ErrMesLog doLog
INFO: Добавлена молекула углерод х:223 y: 159
дек. 30, 2021 6:01:18 PM model.ErrMesLog doLog
INFO: Добавлена молекула углерод х:396 y: 292
дек. 30, 2021 6:01:35 PM model.ErrMesLog doLog
INFO: Начало работы программы
дек. 30, 2021 6:01:38 PM model.ErrMesLog doLog
INFO: Добавлена молекула углерод х:166 y: 111
дек. 30, 2021 6:01:39 PM model.ErrMesLog doLog
INFO: Добавлена молекула углерод х:263 y: 244
дек. 30, 2021 6:01:59 PM model.ErrMesLog doLog
INFO: Начало работы программы
дек. 30, 2021 6:02:07 PM model.ErrMesLog doLog
INFO: Добавлена молекула азота х:167 y: 129
дек. 30, 2021 6:02:08 PM model.ErrMesLog doLog
INFO: Добавлена молекула азота х:325 y: 270
дек. 30, 2021 6:02:44 PM model.ErrMesLog doLog
INFO: Начало работы программы
дек. 30, 2021 6:02:51 PM model.ErrMesLog doLog
INFO: Добавлена молекула водорода х:171 y: 144
дек. 30, 2021 6:02:52 PM model.ErrMesLog doLog
INFO: Добавлена молекула водорода х:358 y: 295
дек. 30, 2021 6:03:18 PM model.ErrMesLog doLog
INFO: Начало работы программы
дек. 30, 2021 6:03:20 PM model.ErrMesLog doLog
INFO: Добавлена молекула водорода х:212 y: 162
дек. 30, 2021 6:03:21 PM model.ErrMesLog doLog
INFO: Добавлена молекула водорода х:391 y: 298
дек. 30, 2021 6:05:07 PM model.ErrMesLog doLog
INFO: Начало работы программы
дек. 30, 2021 6:05:10 PM model.ErrMesLog doLog
INFO: Добавлена молекула углерод х:193 y: 143
дек. 30, 2021 6:05:11 PM model.ErrMesLog doLog
INFO: Добавлена молекула углерод х:302 y: 241
дек. 30, 2021 6:05:40 PM model.ErrMesLog doLog
INFO: Начало работы программы
дек. 30, 2021 6:05:45 PM model.ErrMesLog doLog
INFO: Добавлена молекула углерод х:129 y: 154
дек. 30, 2021 6:05:46 PM model.ErrMesLog doLog
INFO: Добавлена молекула углерод х:229 y: 298
дек. 30, 2021 6:06:10 PM model.ErrMesLog doLog
INFO: Начало работы программы
дек. 30, 2021 6:06:13 PM model.ErrMesLog doLog
INFO: Добавлена молекула азота х:155 y: 174
дек. 30, 2021 6:06:13 PM model.ErrMesLog doLog
INFO: Добавлена молекула азота х:243 y: 316
дек. 30, 2021 6:06:47 PM model.ErrMesLog doLog
INFO: Начало работы программы
дек. 30, 2021 6:06:49 PM model.ErrMesLog doLog
INFO: Добавлена молекула углерод х:176 y: 178
дек. 30, 2021 6:06:50 PM model.ErrMesLog doLog
INFO: Добавлена молекула углерод х:293 y: 256
дек. 30, 2021 6:08:51 PM model.ErrMesLog doLog
INFO: Начало работы программы
дек. 30, 2021 6:09:00 PM model.ErrMesLog doLog
INFO: Добавлена молекула углерод х:185 y: 154
дек. 30, 2021 6:09:00 PM model.ErrMesLog doLog
INFO: Добавлена молекула углерод х:339 y: 267
дек. 30, 2021 6:10:44 PM model.ErrMesLog doLog
INFO: Начало работы программы
дек. 30, 2021 6:10:47 PM model.ErrMesLog doLog
INFO: Добавлена молекула углерод х:201 y: 113
дек. 30, 2021 6:10:48 PM model.ErrMesLog doLog
INFO: Добавлена молекула углерод х:337 y: 271
дек. 30, 2021 6:11:50 PM model.ErrMesLog doLog
INFO: Начало работы программы
дек. 30, 2021 6:11:52 PM model.ErrMesLog doLog
INFO: Добавлена молекула углерод х:214 y: 113
дек. 30, 2021 6:11:53 PM model.ErrMesLog doLog
INFO: Добавлена молекула углерод х:280 y: 210
дек. 30, 2021 6:12:18 PM model.ErrMesLog doLog
INFO: Начало работы программы
дек. 30, 2021 6:12:20 PM model.ErrMesLog doLog
INFO: Добавлена молекула азота х:176 y: 154
дек. 30, 2021 6:12:21 PM model.ErrMesLog doLog
INFO: Добавлена молекула азота х:326 y: 330
дек. 30, 2021 6:13:27 PM model.ErrMesLog doLog
INFO: Начало работы программы
дек. 30, 2021 6:13:30 PM model.ErrMesLog doLog
INFO: Добавлена молекула углерод х:162 y: 102
дек. 30, 2021 6:13:31 PM model.ErrMesLog doLog
INFO: Добавлена молекула углерод х:297 y: 247
дек. 30, 2021 6:14:38 PM model.ErrMesLog doLog
INFO: Начало работы программы
дек. 30, 2021 6:14:41 PM model.ErrMesLog doLog
INFO: Добавлена молекула углерод х:205 y: 126
дек. 30, 2021 6:14:42 PM model.ErrMesLog doLog
INFO: Добавлена молекула углерод х:302 y: 225
дек. 30, 2021 6:15:53 PM model.ErrMesLog doLog
INFO: Начало работы программы
дек. 30, 2021 6:16:01 PM model.ErrMesLog doLog
INFO: Добавлена молекула углерод х:208 y: 123
дек. 30, 2021 6:16:02 PM model.ErrMesLog doLog
INFO: Добавлена молекула углерод х:330 y: 275
дек. 30, 2021 6:16:27 PM model.ErrMesLog doLog
INFO: Начало работы программы
дек. 30, 2021 6:16:30 PM model.ErrMesLog doLog
INFO: Добавлена молекула углерод х:209 y: 95
дек. 30, 2021 6:16:31 PM model.ErrMesLog doLog
INFO: Добавлена молекула углерод х:357 y: 283
дек. 30, 2021 6:17:34 PM model.ErrMesLog doLog
INFO: Начало работы программы
дек. 30, 2021 6:17:38 PM model.ErrMesLog doLog
INFO: Добавлена молекула углерод х:132 y: 98
дек. 30, 2021 6:17:38 PM model.ErrMesLog doLog
INFO: Добавлена молекула углерод х:241 y: 227
дек. 30, 2021 6:18:08 PM model.ErrMesLog doLog
INFO: Начало работы программы
дек. 30, 2021 6:18:13 PM model.ErrMesLog doLog
INFO: Добавлена молекула азота х:168 y: 111
дек. 30, 2021 6:18:14 PM model.ErrMesLog doLog
INFO: Добавлена молекула азота х:347 y: 264
дек. 30, 2021 6:18:34 PM model.ErrMesLog doLog
INFO: Начало работы программы
дек. 30, 2021 6:18:37 PM model.ErrMesLog doLog
INFO: Добавлена молекула углерод х:165 y: 150
дек. 30, 2021 6:18:38 PM model.ErrMesLog doLog
INFO: Добавлена молекула углерод х:346 y: 336
дек. 30, 2021 6:19:00 PM model.ErrMesLog doLog
INFO: Начало работы программы
дек. 30, 2021 6:19:05 PM model.ErrMesLog doLog
INFO: Добавлена молекула углерод х:243 y: 168
дек. 30, 2021 6:19:06 PM model.ErrMesLog doLog
INFO: Добавлена молекула углерод х:391 y: 347
дек. 30, 2021 6:19:34 PM model.ErrMesLog doLog
INFO: Начало работы программы
дек. 30, 2021 6:19:37 PM model.ErrMesLog doLog
INFO: Добавлена молекула азота х:224 y: 121
дек. 30, 2021 6:19:37 PM model.ErrMesLog doLog
INFO: Добавлена молекула азота х:328 y: 373
дек. 30, 2021 6:20:31 PM model.ErrMesLog doLog
INFO: Начало работы программы
дек. 30, 2021 6:20:33 PM model.ErrMesLog doLog
INFO: Добавлена молекула углерод х:243 y: 115
дек. 30, 2021 6:20:34 PM model.ErrMesLog doLog
INFO: Добавлена молекула углерод х:404 y: 246
дек. 30, 2021 6:22:05 PM model.ErrMesLog doLog
INFO: Начало работы программы
дек. 30, 2021 6:22:10 PM model.ErrMesLog doLog
INFO: Добавлена молекула углерод х:189 y: 159
дек. 30, 2021 6:22:11 PM model.ErrMesLog doLog
INFO: Добавлена молекула углерод х:328 y: 289
дек. 30, 2021 6:23:10 PM model.ErrMesLog doLog
INFO: Начало работы программы
дек. 30, 2021 6:23:13 PM model.ErrMesLog doLog
INFO: Добавлена молекула углерод х:172 y: 151
дек. 30, 2021 6:23:14 PM model.ErrMesLog doLog
INFO: Добавлена молекула углерод х:346 y: 301
дек. 30, 2021 6:24:48 PM model.ErrMesLog doLog
INFO: Начало работы программы
дек. 30, 2021 6:24:53 PM model.ErrMesLog doLog
INFO: Добавлена молекула азота х:150 y: 128
дек. 30, 2021 6:24:54 PM model.ErrMesLog doLog
INFO: Добавлена молекула азота х:299 y: 256
дек. 30, 2021 6:27:05 PM model.ErrMesLog doLog
INFO: Начало работы программы
дек. 30, 2021 6:27:08 PM model.ErrMesLog doLog
INFO: Добавлена молекула углерод х:204 y: 59
дек. 30, 2021 6:27:09 PM model.ErrMesLog doLog
INFO: Добавлена молекула углерод х:446 y: 129
дек. 30, 2021 6:28:10 PM model.ErrMesLog doLog
INFO: Молекула углерода удалена х:484 y: 282
дек. 30, 2021 6:41:58 PM model.ErrMesLog doLog
INFO: Начало работы программы
дек. 30, 2021 6:42:01 PM model.ErrMesLog doLog
INFO: Добавлена молекула углерод х:217 y: 117
дек. 30, 2021 6:42:02 PM model.ErrMesLog doLog
INFO: Добавлена молекула углерод х:433 y: 227
дек. 30, 2021 6:42:56 PM model.ErrMesLog doLog
INFO: Начало работы программы
дек. 30, 2021 6:43:19 PM model.ErrMesLog doLog
INFO: Начало работы программы
дек. 30, 2021 6:43:21 PM model.ErrMesLog doLog
INFO: Добавлена молекула углерод х:180 y: 134
дек. 30, 2021 6:43:22 PM model.ErrMesLog doLog
INFO: Добавлена молекула углерод х:294 y: 199
дек. 30, 2021 6:46:41 PM model.ErrMesLog doLog
INFO: Начало работы программы
дек. 30, 2021 6:46:53 PM model.ErrMesLog doLog
INFO: Добавлена молекула углерод х:68 y: 128
дек. 30, 2021 6:46:54 PM model.ErrMesLog doLog
INFO: Добавлена молекула углерод х:285 y: 225
дек. 30, 2021 6:47:36 PM model.ErrMesLog doLog
INFO: Добавлена молекула углерод х:363 y: 390
дек. 30, 2021 6:48:05 PM model.ErrMesLog doLog
INFO: Начало работы программы
дек. 30, 2021 6:48:10 PM model.ErrMesLog doLog
INFO: Добавлена молекула углерод х:173 y: 103
дек. 30, 2021 6:48:11 PM model.ErrMesLog doLog
INFO: Добавлена молекула углерод х:331 y: 186
дек. 30, 2021 6:49:40 PM model.ErrMesLog doLog
INFO: Начало работы программы
дек. 30, 2021 6:49:43 PM model.ErrMesLog doLog
INFO: Добавлена молекула углерод х:141 y: 192
дек. 30, 2021 6:49:44 PM model.ErrMesLog doLog
INFO: Добавлена молекула углерод х:416 y: 354
дек. 30, 2021 6:51:11 PM model.ErrMesLog doLog
INFO: Начало работы программы
дек. 30, 2021 6:51:14 PM model.ErrMesLog doLog
INFO: Добавлена молекула углерод х:110 y: 91
дек. 30, 2021 6:51:15 PM model.ErrMesLog doLog
INFO: Добавлена молекула углерод х:307 y: 199
дек. 30, 2021 6:51:46 PM model.ErrMesLog doLog
INFO: Начало работы программы
дек. 30, 2021 6:51:48 PM model.ErrMesLog doLog
INFO: Добавлена молекула углерод х:140 y: 103
дек. 30, 2021 6:51:49 PM model.ErrMesLog doLog
INFO: Добавлена молекула углерод х:366 y: 299
дек. 30, 2021 6:54:36 PM model.ErrMesLog doLog
INFO: Начало работы программы
дек. 30, 2021 6:54:39 PM model.ErrMesLog doLog
INFO: Добавлена молекула углерод х:89 y: 95
дек. 30, 2021 6:54:40 PM model.ErrMesLog doLog
INFO: Добавлена молекула углерод х:399 y: 183
дек. 30, 2021 6:56:17 PM model.ErrMesLog doLog
INFO: Начало работы программы
дек. 30, 2021 6:56:47 PM model.ErrMesLog doLog
INFO: Добавлена молекула углерод х:70 y: 181
дек. 30, 2021 6:56:48 PM model.ErrMesLog doLog
INFO: Добавлена молекула углерод х:381 y: 321
дек. 30, 2021 6:58:05 PM model.ErrMesLog doLog
INFO: Начало работы программы
дек. 30, 2021 6:58:09 PM model.ErrMesLog doLog
INFO: Добавлена молекула углерод х:165 y: 175
дек. 30, 2021 6:58:10 PM model.ErrMesLog doLog
INFO: Добавлена молекула углерод х:384 y: 277
дек. 30, 2021 6:58:27 PM model.ErrMesLog doLog
INFO: Начало работы программы
дек. 30, 2021 6:58:30 PM model.ErrMesLog doLog
INFO: Добавлена молекула углерод х:199 y: 96
дек. 30, 2021 6:58:31 PM model.ErrMesLog doLog
INFO: Добавлена молекула углерод х:301 y: 182
дек. 30, 2021 6:59:17 PM model.ErrMesLog doLog
INFO: Добавлена молекула водорода х:460 y: 146
дек. 30, 2021 6:59:19 PM model.ErrMesLog doLog
INFO: Добавлена молекула водорода х:266 y: 158
дек. 30, 2021 6:59:26 PM model.ErrMesLog doLog
INFO: Молекула водорода удалена х:266 y: 158
дек. 30, 2021 6:59:35 PM model.ErrMesLog doLog
INFO: Начало работы программы
дек. 30, 2021 6:59:38 PM model.ErrMesLog doLog
INFO: Добавлена молекула водорода х:128 y: 149
дек. 30, 2021 6:59:40 PM model.ErrMesLog doLog
INFO: Добавлена молекула углерод х:351 y: 273
дек. 30, 2021 7:02:35 PM model.ErrMesLog doLog
INFO: Начало работы программы
дек. 30, 2021 7:02:37 PM model.ErrMesLog doLog
INFO: Добавлена молекула углерод х:177 y: 103
дек. 30, 2021 7:02:38 PM model.ErrMesLog doLog
INFO: Добавлена молекула углерод х:313 y: 206
дек. 30, 2021 7:02:43 PM model.ErrMesLog doLog
INFO: Добавлена молекула азота х:135 y: 345
дек. 30, 2021 7:02:45 PM model.ErrMesLog doLog
INFO: Добавлена молекула кислорода х:366 y: 402
дек. 30, 2021 7:02:48 PM model.ErrMesLog doLog
INFO: Добавлен радикал х:558 y: 284
дек. 30, 2021 7:02:52 PM model.ErrMesLog doLog
INFO: Добавлена молекула водорода х:427 y: 79
дек. 30, 2021 7:03:22 PM model.ErrMesLog doLog
INFO: Молекула углерода удалена х:315 y: 203
дек. 30, 2021 7:03:54 PM model.ErrMesLog doLog
INFO: Начало работы программы
дек. 30, 2021 7:03:59 PM model.ErrMesLog doLog
INFO: Добавлена молекула углерод х:129 y: 82
дек. 30, 2021 7:04:00 PM model.ErrMesLog doLog
INFO: Добавлена молекула углерод х:285 y: 223
дек. 30, 2021 7:04:03 PM model.ErrMesLog doLog
INFO: Добавлена молекула водорода х:336 y: 60
дек. 30, 2021 7:04:09 PM model.ErrMesLog doLog
INFO: Добавлена молекула азота х:583 y: 201
дек. 30, 2021 7:04:12 PM model.ErrMesLog doLog
INFO: Добавлена молекула кислорода х:407 y: 448
дек. 30, 2021 7:04:15 PM model.ErrMesLog doLog
INFO: Добавлен радикал х:134 y: 313
дек. 30, 2021 7:04:53 PM model.ErrMesLog doLog
INFO: Молекула углерода удалена х:285 y: 223
дек. 30, 2021 7:25:01 PM model.ErrMesLog doLog
INFO: Начало работы программы
дек. 30, 2021 7:25:03 PM model.ErrMesLog doLog
INFO: Добавлена молекула водорода х:18 y: 252
дек. 30, 2021 7:25:07 PM model.ErrMesLog doLog
INFO: Молекулы сохранены
дек. 30, 2021 7:25:08 PM model.ErrMesLog doLog
INFO: Добавлена молекула водорода х:421 y: 322
дек. 30, 2021 7:25:11 PM model.ErrMesLog doLog
INFO: Добавлена молекула водорода х:12 y: 255
дек. 30, 2021 7:25:12 PM model.ErrMesLog doLog
INFO: Добавлена молекула водорода х:17 y: 254
дек. 30, 2021 7:25:16 PM model.ErrMesLog doLog
INFO: Молекула водорода удалена х:17 y: 254
дек. 30, 2021 7:46:59 PM model.ErrMesLog doLog
INFO: Начало работы программы
дек. 30, 2021 7:47:04 PM model.ErrMesLog doLog
INFO: Добавлена молекула углерод х:123 y: 125
дек. 30, 2021 7:47:05 PM model.ErrMesLog doLog
INFO: Добавлена молекула углерод х:345 y: 247
дек. 30, 2021 7:47:14 PM model.ErrMesLog doLog
INFO: Молекулы сохранены
дек. 30, 2021 7:47:27 PM model.ErrMesLog doLog
INFO: Молекула углерода удалена х:123 y: 125
дек. 30, 2021 7:47:31 PM model.ErrMesLog doLog
INFO: Молекула углерода удалена х:345 y: 247
дек. 30, 2021 7:47:34 PM model.ErrMesLog errLog
SEVERE: Файл не обнаружен. Данные не загружены
дек. 30, 2021 7:48:05 PM model.ErrMesLog errLog
SEVERE: Файл не обнаружен. Данные не загружены
дек. 30, 2021 7:48:48 PM model.ErrMesLog errLog
SEVERE: Файл не обнаружен. Данные не загружены
дек. 30, 2021 7:49:44 PM model.ErrMesLog doLog
INFO: Начало работы программы
дек. 30, 2021 7:49:54 PM model.ErrMesLog errLog
SEVERE: Файл не обнаружен. Данные не загружены
дек. 30, 2021 7:50:00 PM model.ErrMesLog doLog
INFO: Молекулы сохранены
дек. 30, 2021 7:50:05 PM model.ErrMesLog doLog
INFO: Добавлена молекула углерод х:241 y: 193
дек. 30, 2021 7:50:06 PM model.ErrMesLog doLog
INFO: Добавлена молекула углерод х:305 y: 271
дек. 30, 2021 7:50:07 PM model.ErrMesLog doLog
INFO: Добавлена молекула углерод х:237 y: 191
дек. 30, 2021 7:50:17 PM model.ErrMesLog doLog
INFO: Молекулы сохранены
дек. 30, 2021 7:50:19 PM model.ErrMesLog errLog
SEVERE: Файл не обнаружен. Данные не загружены
дек. 30, 2021 7:51:38 PM model.ErrMesLog doLog
INFO: Начало работы программы
дек. 30, 2021 7:51:41 PM model.ErrMesLog errLog
SEVERE: Файл не обнаружен. Данные не загружены
дек. 30, 2021 7:52:42 PM model.ErrMesLog doLog
INFO: Начало работы программы
дек. 30, 2021 7:52:46 PM model.ErrMesLog errLog
SEVERE: Файл не обнаружен. Данные не загружены
дек. 30, 2021 7:54:02 PM model.ErrMesLog doLog
INFO: Начало работы программы
дек. 30, 2021 7:54:07 PM model.ErrMesLog doLog
INFO: Добавлена молекула углерод х:153 y: 103
дек. 30, 2021 7:54:08 PM model.ErrMesLog doLog
INFO: Добавлена молекула углерод х:432 y: 246
дек. 30, 2021 7:54:16 PM model.ErrMesLog doLog
INFO: Молекулы сохранены
дек. 30, 2021 7:54:19 PM model.ErrMesLog doLog
INFO: Молекула углерода удалена х:153 y: 103
дек. 30, 2021 7:54:23 PM model.ErrMesLog doLog
INFO: Молекула углерода удалена х:432 y: 246
дек. 30, 2021 7:54:26 PM model.ErrMesLog errLog
SEVERE: Файл не обнаружен. Данные не загружены
дек. 30, 2021 7:55:15 PM model.ErrMesLog doLog
INFO: Начало работы программы
дек. 30, 2021 7:55:18 PM model.ErrMesLog doLog
INFO: Добавлена молекула водорода х:234 y: 114
дек. 30, 2021 7:55:22 PM model.ErrMesLog errLog
SEVERE: Файл не обнаружен. Данные не загружены
дек. 30, 2021 7:56:37 PM model.ErrMesLog doLog
INFO: Начало работы программы
дек. 30, 2021 7:56:40 PM model.ErrMesLog doLog
INFO: Добавлена молекула азота х:155 y: 114
дек. 30, 2021 7:56:41 PM model.ErrMesLog doLog
INFO: Добавлена молекула азота х:468 y: 328
дек. 30, 2021 7:56:48 PM model.ErrMesLog errLog
SEVERE: Файл не обнаружен. Данные не загружены
дек. 30, 2021 7:56:53 PM model.ErrMesLog doLog
INFO: Молекулы сохранены
дек. 30, 2021 7:57:11 PM model.ErrMesLog doLog
INFO: Начало работы программы
дек. 30, 2021 7:59:28 PM model.ErrMesLog doLog
INFO: Начало работы программы
дек. 30, 2021 7:59:31 PM model.ErrMesLog doLog
INFO: Добавлена молекула углерод х:216 y: 139
дек. 30, 2021 7:59:32 PM model.ErrMesLog doLog
INFO: Добавлена молекула углерод х:354 y: 236
дек. 30, 2021 7:59:41 PM model.ErrMesLog doLog
INFO: Молекулы сохранены
дек. 30, 2021 8:00:05 PM model.ErrMesLog doLog
INFO: Начало работы программы
дек. 30, 2021 8:01:16 PM model.ErrMesLog doLog
INFO: Начало работы программы
дек. 30, 2021 8:03:31 PM model.ErrMesLog doLog
INFO: Начало работы программы
дек. 30, 2021 8:03:33 PM model.ErrMesLog doLog
INFO: Добавлена молекула углерод х:93 y: 122
дек. 30, 2021 8:03:34 PM model.ErrMesLog doLog
INFO: Добавлена молекула углерод х:225 y: 225
дек. 30, 2021 8:04:25 PM model.ErrMesLog doLog
INFO: Начало работы программы
дек. 30, 2021 8:04:29 PM model.ErrMesLog doLog
INFO: Добавлена молекула углерод х:190 y: 151
дек. 30, 2021 8:04:30 PM model.ErrMesLog doLog
INFO: Добавлена молекула углерод х:379 y: 315
дек. 30, 2021 8:06:18 PM model.ErrMesLog doLog
INFO: Начало работы программы
дек. 30, 2021 8:06:20 PM model.ErrMesLog doLog
INFO: Добавлена молекула углерод х:287 y: 279
дек. 30, 2021 8:06:22 PM model.ErrMesLog doLog
INFO: Добавлена молекула углерод х:196 y: 347
дек. 30, 2021 8:07:23 PM model.ErrMesLog doLog
INFO: Начало работы программы
дек. 30, 2021 8:07:29 PM model.ErrMesLog doLog
INFO: Добавлена молекула углерод х:287 y: 254
дек. 30, 2021 8:07:30 PM model.ErrMesLog doLog
INFO: Добавлена молекула углерод х:225 y: 352
дек. 30, 2021 8:08:10 PM model.ErrMesLog doLog
INFO: Начало работы программы
дек. 30, 2021 8:08:12 PM model.ErrMesLog doLog
INFO: Добавлена молекула углерод х:283 y: 179
дек. 30, 2021 8:08:13 PM model.ErrMesLog doLog
INFO: Добавлена молекула углерод х:105 y: 360
дек. 30, 2021 8:09:37 PM model.ErrMesLog doLog
INFO: Начало работы программы
дек. 30, 2021 8:10:37 PM model.ErrMesLog doLog
INFO: Молекула углерода удалена х:327 y: 241
дек. 30, 2021 8:21:47 PM model.ErrMesLog doLog
INFO: Начало работы программы
дек. 30, 2021 8:21:49 PM model.ErrMesLog doLog
INFO: Добавлена молекула кислорода х:74 y: 147
дек. 30, 2021 8:21:50 PM model.ErrMesLog doLog
INFO: Добавлена молекула кислорода х:273 y: 207
дек. 30, 2021 8:21:59 PM model.ErrMesLog doLog
INFO: Добавлена молекула кислорода х:556 y: 203
дек. 30, 2021 8:22:23 PM model.ErrMesLog doLog
INFO: Добавлена молекула водорода х:246 y: 330
дек. 30, 2021 8:22:23 PM model.ErrMesLog doLog
INFO: Добавлена молекула водорода х:246 y: 330
дек. 30, 2021 8:22:37 PM model.ErrMesLog doLog
INFO: Добавлена молекула водорода х:424 y: 316
дек. 30, 2021 8:22:38 PM model.ErrMesLog doLog
INFO: Добавлена молекула водорода х:422 y: 322
дек. 30, 2021 8:22:46 PM model.ErrMesLog doLog
INFO: Добавлена молекула водорода х:308 y: 62
дек. 30, 2021 8:22:54 PM model.ErrMesLog doLog
INFO: Добавлена молекула водорода х:385 y: 68
дек. 30, 2021 8:23:20 PM model.ErrMesLog doLog
INFO: Молекула водорода удалена х:308 y: 62
янв. 02, 2022 4:37:57 PM model.ErrMesLog doLog
INFO: Начало работы программы
янв. 02, 2022 4:38:01 PM model.ErrMesLog doLog
INFO: Добавлена молекула углерод х:202 y: 174
янв. 02, 2022 4:38:02 PM model.ErrMesLog doLog
INFO: Добавлена молекула углерод х:309 y: 216
янв. 02, 2022 4:41:55 PM model.ErrMesLog doLog
INFO: Начало работы программы
янв. 02, 2022 4:41:58 PM model.ErrMesLog doLog
INFO: Добавлена молекула углерод х:141 y: 136
янв. 02, 2022 4:41:58 PM model.ErrMesLog doLog
INFO: Добавлена молекула углерод х:285 y: 205
янв. 02, 2022 4:43:42 PM model.ErrMesLog doLog
INFO: Начало работы программы
янв. 02, 2022 4:43:45 PM model.ErrMesLog doLog
INFO: Добавлена молекула углерод х:143 y: 79
янв. 02, 2022 4:43:46 PM model.ErrMesLog doLog
INFO: Добавлена молекула углерод х:269 y: 189
янв. 02, 2022 4:45:25 PM model.ErrMesLog doLog
INFO: Начало работы программы
янв. 02, 2022 4:45:28 PM model.ErrMesLog doLog
INFO: Добавлена молекула углерод х:158 y: 85
янв. 02, 2022 4:45:29 PM model.ErrMesLog doLog
INFO: Добавлена молекула углерод х:254 y: 172
янв. 02, 2022 4:46:52 PM model.ErrMesLog doLog
INFO: Начало работы программы
янв. 02, 2022 4:46:58 PM model.ErrMesLog doLog
INFO: Добавлена молекула углерод х:146 y: 74
янв. 02, 2022 4:46:59 PM model.ErrMesLog doLog
INFO: Добавлена молекула углерод х:276 y: 138
янв. 02, 2022 4:48:16 PM model.ErrMesLog doLog
INFO: Начало работы программы
янв. 02, 2022 4:48:19 PM model.ErrMesLog doLog
INFO: Добавлена молекула углерод х:150 y: 134
янв. 02, 2022 4:48:20 PM model.ErrMesLog doLog
INFO: Добавлена молекула углерод х:250 y: 200
янв. 02, 2022 4:48:50 PM model.ErrMesLog doLog
INFO: Начало работы программы
янв. 02, 2022 4:48:52 PM model.ErrMesLog doLog
INFO: Добавлена молекула углерод х:121 y: 127
янв. 02, 2022 4:48:53 PM model.ErrMesLog doLog
INFO: Добавлена молекула углерод х:243 y: 204
янв. 02, 2022 4:50:03 PM model.ErrMesLog doLog
INFO: Начало работы программы
янв. 02, 2022 4:51:23 PM model.ErrMesLog doLog
INFO: Добавлена молекула углерод х:115 y: 141
янв. 02, 2022 4:51:24 PM model.ErrMesLog doLog
INFO: Добавлена молекула углерод х:219 y: 217
янв. 02, 2022 4:51:53 PM model.ErrMesLog doLog
INFO: Добавлена молекула углерод х:362 y: 198
янв. 02, 2022 4:51:56 PM model.ErrMesLog doLog
INFO: Добавлена молекула углерод х:381 y: 435
янв. 02, 2022 4:52:07 PM model.ErrMesLog doLog
INFO: Добавлена молекула углерод х:205 y: 67
янв. 02, 2022 4:52:39 PM model.ErrMesLog doLog
INFO: Начало работы программы
янв. 02, 2022 4:52:44 PM model.ErrMesLog doLog
INFO: Добавлена молекула углерод х:194 y: 151
янв. 02, 2022 4:52:48 PM model.ErrMesLog doLog
INFO: Добавлена молекула азота х:325 y: 281
янв. 02, 2022 4:52:51 PM model.ErrMesLog doLog
INFO: Добавлена молекула кислорода х:483 y: 118
янв. 02, 2022 4:54:04 PM model.ErrMesLog doLog
INFO: Начало работы программы
янв. 02, 2022 4:54:07 PM model.ErrMesLog doLog
INFO: Добавлена молекула углерод х:111 y: 131
янв. 02, 2022 4:54:09 PM model.ErrMesLog doLog
INFO: Добавлена молекула азота х:504 y: 116
янв. 02, 2022 4:54:12 PM model.ErrMesLog doLog
INFO: Добавлена молекула кислорода х:276 y: 284
янв. 02, 2022 4:55:28 PM model.ErrMesLog doLog
INFO: Молекулы сохранены
янв. 02, 2022 4:55:32 PM model.ErrMesLog doLog
INFO: Молекула углерода удалена х:113 y: 118
янв. 02, 2022 4:55:34 PM model.ErrMesLog doLog
INFO: Молекула кислорода удалена х:337 y: 262
янв. 02, 2022 4:55:37 PM model.ErrMesLog doLog
INFO: Молекула азота удалена х:440 y: 126
янв. 02, 2022 4:56:58 PM model.ErrMesLog doLog
INFO: Начало работы программы
янв. 02, 2022 4:57:23 PM model.ErrMesLog doLog
INFO: Начало работы программы
янв. 02, 2022 4:57:38 PM model.ErrMesLog doLog
INFO: Добавлен радикал х:495 y: 398
янв. 02, 2022 5:02:35 PM model.ErrMesLog doLog
INFO: Начало работы программы
янв. 02, 2022 5:02:38 PM model.ErrMesLog doLog
INFO: Добавлен радикал х:329 y: 267
янв. 02, 2022 5:03:14 PM model.ErrMesLog doLog
INFO: Начало работы программы
янв. 02, 2022 5:03:17 PM model.ErrMesLog doLog
INFO: Добавлен радикал х:287 y: 284
янв. 02, 2022 5:04:20 PM model.ErrMesLog doLog
INFO: Начало работы программы
янв. 02, 2022 5:04:24 PM model.ErrMesLog doLog
INFO: Добавлен радикал х:245 y: 284
янв. 02, 2022 5:12:28 PM model.ErrMesLog doLog
INFO: Начало работы программы
янв. 02, 2022 5:12:42 PM model.ErrMesLog doLog
INFO: Начало работы программы
янв. 02, 2022 5:12:45 PM model.ErrMesLog doLog
INFO: Добавлена молекула углерод х:141 y: 165
янв. 02, 2022 5:12:46 PM model.ErrMesLog doLog
INFO: Добавлена молекула углерод х:511 y: 150
янв. 02, 2022 5:12:47 PM model.ErrMesLog doLog
INFO: Добавлена молекула углерод х:277 y: 405
янв. 02, 2022 5:12:47 PM model.ErrMesLog doLog
INFO: Добавлена молекула углерод х:277 y: 405
янв. 02, 2022 5:12:47 PM model.ErrMesLog doLog
INFO: Добавлена молекула углерод х:277 y: 405
янв. 02, 2022 5:12:50 PM model.ErrMesLog doLog
INFO: Добавлена молекула азота х:279 y: 253
янв. 02, 2022 5:12:57 PM model.ErrMesLog doLog
INFO: Молекула азота удалена х:279 y: 253
янв. 02, 2022 5:13:00 PM model.ErrMesLog doLog
INFO: Добавлена молекула кислорода х:264 y: 230
янв. 02, 2022 5:13:43 PM model.ErrMesLog doLog
INFO: Молекула углерода удалена х:237 y: 410
янв. 02, 2022 5:13:49 PM model.ErrMesLog doLog
INFO: Начало работы программы
янв. 02, 2022 5:13:52 PM model.ErrMesLog doLog
INFO: Добавлена молекула углерод х:99 y: 150
янв. 02, 2022 5:13:53 PM model.ErrMesLog doLog
INFO: Добавлена молекула углерод х:490 y: 142
янв. 02, 2022 5:13:54 PM model.ErrMesLog doLog
INFO: Добавлена молекула углерод х:221 y: 419
янв. 02, 2022 5:13:57 PM model.ErrMesLog doLog
INFO: Добавлена молекула кислорода х:251 y: 250
янв. 02, 2022 5:14:54 PM model.ErrMesLog doLog
INFO: Молекулы сохранены
янв. 02, 2022 5:15:02 PM model.ErrMesLog doLog
INFO: Начало работы программы
янв. 02, 2022 5:15:16 PM model.ErrMesLog doLog
INFO: Добавлена молекула азота х:294 y: 192
янв. 02, 2022 5:15:16 PM model.ErrMesLog doLog
INFO: Добавлена молекула азота х:294 y: 192
янв. 02, 2022 5:15:16 PM model.ErrMesLog doLog
INFO: Добавлена молекула азота х:294 y: 192
янв. 02, 2022 5:15:54 PM model.ErrMesLog doLog
INFO: Молекула азота удалена х:290 y: 209
янв. 02, 2022 5:16:36 PM model.ErrMesLog doLog
INFO: Начало работы программы
янв. 02, 2022 5:16:44 PM model.ErrMesLog doLog
INFO: Добавлена молекула азота х:277 y: 34
янв. 02, 2022 5:26:05 PM model.ErrMesLog doLog
INFO: Начало работы программы
янв. 02, 2022 5:26:08 PM model.ErrMesLog doLog
INFO: Добавлена молекула углерод х:94 y: 179
янв. 02, 2022 5:26:09 PM model.ErrMesLog doLog
INFO: Добавлена молекула углерод х:289 y: 43
янв. 02, 2022 5:26:11 PM model.ErrMesLog doLog
INFO: Добавлена молекула углерод х:485 y: 184
янв. 02, 2022 5:26:14 PM model.ErrMesLog doLog
INFO: Добавлена молекула кислорода х:271 y: 175
янв. 02, 2022 5:26:40 PM model.ErrMesLog doLog
INFO: Молекула углерода удалена х:485 y: 184
янв. 02, 2022 5:26:49 PM model.ErrMesLog doLog
INFO: Добавлена молекула углерод х:426 y: 188
янв. 02, 2022 5:27:00 PM model.ErrMesLog doLog
INFO: Молекула углерода удалена х:289 y: 43
янв. 02, 2022 5:31:48 PM model.ErrMesLog doLog
INFO: Начало работы программы
янв. 02, 2022 5:31:51 PM model.ErrMesLog doLog
INFO: Добавлена молекула углерод х:79 y: 80
янв. 02, 2022 5:31:53 PM model.ErrMesLog doLog
INFO: Добавлена молекула углерод х:423 y: 214
янв. 02, 2022 5:32:27 PM model.ErrMesLog doLog
INFO: Начало работы программы
янв. 02, 2022 5:32:30 PM model.ErrMesLog doLog
INFO: Добавлена молекула водорода х:149 y: 110
янв. 02, 2022 5:32:31 PM model.ErrMesLog doLog
INFO: Добавлена молекула водорода х:444 y: 224
янв. 02, 2022 5:36:22 PM model.ErrMesLog doLog
INFO: Начало работы программы
янв. 02, 2022 5:36:26 PM model.ErrMesLog doLog
INFO: Добавлена молекула углерод х:299 y: 192
янв. 02, 2022 5:36:44 PM model.ErrMesLog doLog
INFO: Начало работы программы
янв. 02, 2022 5:36:48 PM model.ErrMesLog doLog
INFO: Добавлена молекула углерод х:286 y: 193
янв. 02, 2022 5:37:04 PM model.ErrMesLog doLog
INFO: Начало работы программы
янв. 02, 2022 5:37:07 PM model.ErrMesLog doLog
INFO: Добавлена молекула углерод х:273 y: 231
янв. 02, 2022 5:59:35 PM model.ErrMesLog doLog
INFO: Начало работы программы
янв. 02, 2022 5:59:37 PM model.ErrMesLog doLog
INFO: Добавлена молекула углерод х:58 y: 124
янв. 02, 2022 5:59:39 PM model.ErrMesLog doLog
INFO: Добавлена молекула углерод х:233 y: 213
янв. 02, 2022 6:00:23 PM model.ErrMesLog doLog
INFO: Начало работы программы
янв. 02, 2022 6:00:52 PM model.ErrMesLog doLog
INFO: Начало работы программы
янв. 02, 2022 6:01:12 PM model.ErrMesLog doLog
INFO: Начало работы программы
янв. 02, 2022 6:01:14 PM model.ErrMesLog doLog
INFO: Добавлена молекула углерод х:112 y: 119
янв. 02, 2022 6:01:15 PM model.ErrMesLog doLog
INFO: Добавлена молекула углерод х:317 y: 234
янв. 02, 2022 6:02:36 PM model.ErrMesLog doLog
INFO: Начало работы программы
янв. 02, 2022 6:02:40 PM model.ErrMesLog doLog
INFO: Добавлена молекула углерод х:102 y: 87
янв. 02, 2022 6:02:41 PM model.ErrMesLog doLog
INFO: Добавлена молекула углерод х:298 y: 155
янв. 02, 2022 6:03:36 PM model.ErrMesLog doLog
INFO: Начало работы программы
янв. 02, 2022 6:03:38 PM model.ErrMesLog doLog
INFO: Добавлена молекула углерод х:142 y: 113
янв. 02, 2022 6:03:42 PM model.ErrMesLog doLog
INFO: Добавлена молекула азота х:381 y: 257
янв. 02, 2022 6:07:14 PM model.ErrMesLog doLog
INFO: Начало работы программы
янв. 02, 2022 6:07:18 PM model.ErrMesLog doLog
INFO: Добавлена молекула углерод х:121 y: 112
янв. 02, 2022 6:07:20 PM model.ErrMesLog doLog
INFO: Добавлена молекула углерод х:400 y: 249
янв. 02, 2022 6:26:57 PM model.ErrMesLog doLog
INFO: Начало работы программы
янв. 02, 2022 6:27:00 PM model.ErrMesLog doLog
INFO: Добавлена молекула углерод х:123 y: 110
янв. 02, 2022 6:27:01 PM model.ErrMesLog doLog
INFO: Добавлена молекула углерод х:349 y: 261
янв. 02, 2022 6:28:07 PM model.ErrMesLog doLog
INFO: Начало работы программы
янв. 02, 2022 6:28:10 PM model.ErrMesLog doLog
INFO: Добавлена молекула углерод х:126 y: 147
янв. 02, 2022 6:28:10 PM model.ErrMesLog doLog
INFO: Добавлена молекула углерод х:302 y: 264
янв. 02, 2022 6:29:27 PM model.ErrMesLog doLog
INFO: Начало работы программы
янв. 02, 2022 6:29:36 PM model.ErrMesLog doLog
INFO: Добавлена молекула углерод х:209 y: 150
янв. 02, 2022 6:29:37 PM model.ErrMesLog doLog
INFO: Добавлена молекула углерод х:447 y: 265
янв. 02, 2022 6:32:04 PM model.ErrMesLog doLog
INFO: Начало работы программы
янв. 02, 2022 6:32:23 PM model.ErrMesLog doLog
INFO: Начало работы программы
янв. 02, 2022 6:32:25 PM model.ErrMesLog doLog
INFO: Добавлена молекула углерод х:92 y: 127
янв. 02, 2022 6:32:26 PM model.ErrMesLog doLog
INFO: Добавлена молекула углерод х:337 y: 247
янв. 02, 2022 6:33:33 PM model.ErrMesLog doLog
INFO: Начало работы программы
янв. 02, 2022 6:33:36 PM model.ErrMesLog doLog
INFO: Добавлена молекула углерод х:140 y: 96
янв. 02, 2022 6:33:37 PM model.ErrMesLog doLog
INFO: Добавлена молекула углерод х:417 y: 258
янв. 02, 2022 6:34:29 PM model.ErrMesLog doLog
INFO: Начало работы программы
янв. 02, 2022 6:34:31 PM model.ErrMesLog doLog
INFO: Добавлена молекула углерод х:129 y: 92
янв. 02, 2022 6:34:32 PM model.ErrMesLog doLog
INFO: Добавлена молекула углерод х:341 y: 223
янв. 02, 2022 6:40:39 PM model.ErrMesLog doLog
INFO: Добавлена молекула углерод х:569 y: 90
янв. 02, 2022 6:40:40 PM model.ErrMesLog doLog
INFO: Добавлена молекула углерод х:568 y: 90
янв. 02, 2022 6:40:40 PM model.ErrMesLog doLog
INFO: Добавлена молекула углерод х:568 y: 90
янв. 02, 2022 6:40:44 PM model.ErrMesLog doLog
INFO: Добавлена молекула азота х:383 y: 44
янв. 02, 2022 6:40:45 PM model.ErrMesLog doLog
INFO: Добавлена молекула азота х:637 y: 271
янв. 02, 2022 6:56:15 PM model.ErrMesLog doLog
INFO: Начало работы программы
янв. 02, 2022 6:56:19 PM model.ErrMesLog doLog
INFO: Добавлена молекула углерод х:135 y: 156
янв. 02, 2022 6:56:20 PM model.ErrMesLog doLog
INFO: Добавлена молекула углерод х:317 y: 248
янв. 02, 2022 6:56:22 PM model.ErrMesLog doLog
INFO: Добавлена молекула углерод х:436 y: 179
янв. 02, 2022 6:56:43 PM model.ErrMesLog doLog
INFO: Добавлена молекула азота х:464 y: 318
янв. 02, 2022 7:05:20 PM model.ErrMesLog doLog
INFO: Начало работы программы
янв. 02, 2022 7:05:22 PM model.ErrMesLog doLog
INFO: Добавлена молекула углерод х:184 y: 164
янв. 02, 2022 7:05:23 PM model.ErrMesLog doLog
INFO: Добавлена молекула углерод х:429 y: 169
янв. 02, 2022 7:06:25 PM model.ErrMesLog doLog
INFO: Начало работы программы
янв. 02, 2022 7:06:28 PM model.ErrMesLog doLog
INFO: Добавлена молекула углерод х:164 y: 163
янв. 02, 2022 7:06:29 PM model.ErrMesLog doLog
INFO: Добавлена молекула углерод х:439 y: 166
янв. 02, 2022 7:08:25 PM model.ErrMesLog doLog
INFO: Начало работы программы
янв. 02, 2022 7:08:27 PM model.ErrMesLog doLog
INFO: Добавлена молекула углерод х:157 y: 211
янв. 02, 2022 7:08:28 PM model.ErrMesLog doLog
INFO: Добавлена молекула углерод х:350 y: 115
янв. 02, 2022 7:09:46 PM model.ErrMesLog doLog
INFO: Молекула углерода удалена х:350 y: 115
янв. 02, 2022 7:09:49 PM model.ErrMesLog doLog
INFO: Молекула углерода удалена х:157 y: 211
янв. 02, 2022 7:09:52 PM model.ErrMesLog doLog
INFO: Добавлена молекула углерод х:166 y: 111
янв. 02, 2022 7:09:53 PM model.ErrMesLog doLog
INFO: Добавлена молекула углерод х:312 y: 109
янв. 02, 2022 7:11:10 PM model.ErrMesLog doLog
INFO: Начало работы программы
янв. 02, 2022 7:11:14 PM model.ErrMesLog doLog
INFO: Добавлена молекула углерод х:162 y: 224
янв. 02, 2022 7:11:15 PM model.ErrMesLog doLog
INFO: Добавлена молекула углерод х:299 y: 127
янв. 02, 2022 7:13:37 PM model.ErrMesLog doLog
INFO: Начало работы программы
янв. 02, 2022 7:13:39 PM model.ErrMesLog doLog
INFO: Добавлена молекула углерод х:140 y: 291
янв. 02, 2022 7:13:41 PM model.ErrMesLog doLog
INFO: Добавлена молекула углерод х:275 y: 194
янв. 02, 2022 7:19:30 PM model.ErrMesLog doLog
INFO: Начало работы программы
янв. 02, 2022 7:19:32 PM model.ErrMesLog doLog
INFO: Добавлена молекула углерод х:193 y: 318
янв. 02, 2022 7:19:33 PM model.ErrMesLog doLog
INFO: Добавлена молекула углерод х:329 y: 233
янв. 02, 2022 7:23:30 PM model.ErrMesLog doLog
INFO: Начало работы программы
янв. 02, 2022 7:23:36 PM model.ErrMesLog doLog
INFO: Добавлена молекула углерод х:146 y: 255
янв. 02, 2022 7:23:37 PM model.ErrMesLog doLog
INFO: Добавлена молекула углерод х:263 y: 168
янв. 02, 2022 7:24:18 PM model.ErrMesLog doLog
INFO: Начало работы программы
янв. 02, 2022 7:24:30 PM model.ErrMesLog doLog
INFO: Добавлена молекула углерод х:170 y: 312
янв. 02, 2022 7:24:32 PM model.ErrMesLog doLog
INFO: Добавлена молекула углерод х:305 y: 233
янв. 02, 2022 7:25:58 PM model.ErrMesLog doLog
INFO: Начало работы программы
янв. 02, 2022 7:26:02 PM model.ErrMesLog doLog
INFO: Добавлена молекула углерод х:124 y: 272
янв. 02, 2022 7:26:03 PM model.ErrMesLog doLog
INFO: Добавлена молекула углерод х:357 y: 182
янв. 02, 2022 7:27:02 PM model.ErrMesLog doLog
INFO: Начало работы программы
янв. 02, 2022 7:27:06 PM model.ErrMesLog doLog
INFO: Добавлена молекула углерод х:218 y: 227
янв. 02, 2022 7:27:07 PM model.ErrMesLog doLog
INFO: Добавлена молекула углерод х:421 y: 91
янв. 02, 2022 7:29:43 PM model.ErrMesLog doLog
INFO: Начало работы программы
янв. 02, 2022 7:29:49 PM model.ErrMesLog doLog
INFO: Добавлена молекула углерод х:93 y: 307
янв. 02, 2022 7:29:50 PM model.ErrMesLog doLog
INFO: Добавлена молекула углерод х:323 y: 177
янв. 02, 2022 7:34:35 PM model.ErrMesLog doLog
INFO: Начало работы программы
янв. 02, 2022 7:34:37 PM model.ErrMesLog doLog
INFO: Добавлена молекула углерод х:117 y: 107
янв. 02, 2022 7:34:38 PM model.ErrMesLog doLog
INFO: Добавлена молекула углерод х:263 y: 207
янв. 02, 2022 7:39:12 PM model.ErrMesLog doLog
INFO: Начало работы программы
янв. 02, 2022 7:39:14 PM model.ErrMesLog doLog
INFO: Добавлена молекула углерод х:168 y: 138
янв. 02, 2022 7:39:15 PM model.ErrMesLog doLog
INFO: Добавлена молекула углерод х:233 y: 189
янв. 02, 2022 7:39:32 PM model.ErrMesLog doLog
INFO: Молекула углерода удалена х:233 y: 189
янв. 02, 2022 7:39:35 PM model.ErrMesLog doLog
INFO: Добавлена молекула углерод х:277 y: 219
янв. 02, 2022 7:42:17 PM model.ErrMesLog doLog
INFO: Начало работы программы
янв. 02, 2022 7:42:21 PM model.ErrMesLog doLog
INFO: Добавлена молекула углерод х:97 y: 117
янв. 02, 2022 7:42:22 PM model.ErrMesLog doLog
INFO: Добавлена молекула углерод х:213 y: 181
янв. 02, 2022 7:43:52 PM model.ErrMesLog doLog
INFO: Начало работы программы
янв. 02, 2022 7:43:56 PM model.ErrMesLog doLog
INFO: Добавлена молекула углерод х:276 y: 265
янв. 02, 2022 7:43:56 PM model.ErrMesLog doLog
INFO: Добавлена молекула углерод х:276 y: 265
янв. 02, 2022 7:43:58 PM model.ErrMesLog doLog
INFO: Добавлена молекула углерод х:402 y: 171
янв. 02, 2022 7:44:15 PM model.ErrMesLog doLog
INFO: Начало работы программы
янв. 02, 2022 7:44:20 PM model.ErrMesLog doLog
INFO: Добавлена молекула углерод х:136 y: 262
янв. 02, 2022 7:44:22 PM model.ErrMesLog doLog
INFO: Добавлена молекула углерод х:309 y: 158
янв. 02, 2022 7:45:25 PM model.ErrMesLog doLog
INFO: Начало работы программы
янв. 02, 2022 7:45:28 PM model.ErrMesLog doLog
INFO: Добавлена молекула углерод х:113 y: 236
янв. 02, 2022 7:45:29 PM model.ErrMesLog doLog
INFO: Добавлена молекула углерод х:239 y: 170
янв. 02, 2022 7:46:04 PM model.ErrMesLog doLog
INFO: Начало работы программы
янв. 02, 2022 7:46:16 PM model.ErrMesLog doLog
INFO: Добавлена молекула углерод х:161 y: 252
янв. 02, 2022 7:46:18 PM model.ErrMesLog doLog
INFO: Добавлена молекула углерод х:292 y: 162
янв. 02, 2022 7:48:10 PM model.ErrMesLog doLog
INFO: Начало работы программы
янв. 02, 2022 7:48:18 PM model.ErrMesLog doLog
INFO: Начало работы программы
янв. 02, 2022 7:48:22 PM model.ErrMesLog doLog
INFO: Добавлена молекула углерод х:162 y: 170
янв. 02, 2022 7:48:23 PM model.ErrMesLog doLog
INFO: Добавлена молекула углерод х:272 y: 227
янв. 02, 2022 7:51:09 PM model.ErrMesLog doLog
INFO: Начало работы программы
янв. 02, 2022 7:51:12 PM model.ErrMesLog doLog
INFO: Добавлена молекула углерод х:150 y: 250
янв. 02, 2022 7:51:13 PM model.ErrMesLog doLog
INFO: Добавлена молекула углерод х:391 y: 155
янв. 02, 2022 7:52:11 PM model.ErrMesLog doLog
INFO: Начало работы программы
янв. 02, 2022 7:52:14 PM model.ErrMesLog doLog
INFO: Добавлена молекула углерод х:290 y: 91
янв. 02, 2022 7:52:14 PM model.ErrMesLog doLog
INFO: Добавлена молекула углерод х:302 y: 212
янв. 02, 2022 7:53:07 PM model.ErrMesLog doLog
INFO: Начало работы программы
янв. 02, 2022 7:53:11 PM model.ErrMesLog doLog
INFO: Добавлена молекула углерод х:292 y: 136
янв. 02, 2022 7:53:13 PM model.ErrMesLog doLog
INFO: Добавлена молекула углерод х:300 y: 251
янв. 02, 2022 7:55:20 PM model.ErrMesLog doLog
INFO: Начало работы программы
янв. 02, 2022 7:55:22 PM model.ErrMesLog doLog
INFO: Добавлена молекула углерод х:182 y: 287
янв. 02, 2022 7:55:24 PM model.ErrMesLog doLog
INFO: Добавлена молекула углерод х:384 y: 190
янв. 02, 2022 7:56:54 PM model.ErrMesLog doLog
INFO: Начало работы программы
янв. 02, 2022 7:56:56 PM model.ErrMesLog doLog
INFO: Добавлена молекула углерод х:140 y: 208
янв. 02, 2022 7:56:57 PM model.ErrMesLog doLog
INFO: Добавлена молекула углерод х:297 y: 198
янв. 02, 2022 7:57:56 PM model.ErrMesLog doLog
INFO: Начало работы программы
янв. 02, 2022 7:58:20 PM model.ErrMesLog doLog
INFO: Добавлена молекула углерод х:213 y: 233
янв. 02, 2022 7:58:22 PM model.ErrMesLog doLog
INFO: Добавлена молекула углерод х:341 y: 232
янв. 02, 2022 7:59:28 PM model.ErrMesLog doLog
INFO: Начало работы программы
янв. 02, 2022 7:59:32 PM model.ErrMesLog doLog
INFO: Добавлена молекула углерод х:169 y: 254
янв. 02, 2022 7:59:33 PM model.ErrMesLog doLog
INFO: Добавлена молекула углерод х:161 y: 372
янв. 02, 2022 8:01:17 PM model.ErrMesLog doLog
INFO: Начало работы программы
янв. 02, 2022 8:01:21 PM model.ErrMesLog doLog
INFO: Добавлена молекула углерод х:307 y: 101
янв. 02, 2022 8:01:22 PM model.ErrMesLog doLog
INFO: Добавлена молекула углерод х:303 y: 240
янв. 02, 2022 8:01:37 PM model.ErrMesLog doLog
INFO: Начало работы программы
янв. 02, 2022 8:01:39 PM model.ErrMesLog doLog
INFO: Добавлена молекула углерод х:267 y: 101
янв. 02, 2022 8:01:40 PM model.ErrMesLog doLog
INFO: Добавлена молекула углерод х:269 y: 313
янв. 02, 2022 8:02:51 PM model.ErrMesLog doLog
INFO: Начало работы программы
янв. 02, 2022 8:02:54 PM model.ErrMesLog doLog
INFO: Добавлена молекула углерод х:301 y: 71
янв. 02, 2022 8:02:55 PM model.ErrMesLog doLog
INFO: Добавлена молекула углерод х:305 y: 264
янв. 02, 2022 8:06:24 PM model.ErrMesLog doLog
INFO: Начало работы программы
янв. 02, 2022 8:06:26 PM model.ErrMesLog doLog
INFO: Добавлена молекула углерод х:185 y: 133
янв. 02, 2022 8:06:27 PM model.ErrMesLog doLog
INFO: Добавлена молекула углерод х:304 y: 216
янв. 02, 2022 8:07:51 PM model.ErrMesLog doLog
INFO: Начало работы программы
янв. 02, 2022 8:07:57 PM model.ErrMesLog doLog
INFO: Добавлена молекула углерод х:293 y: 72
янв. 02, 2022 8:07:58 PM model.ErrMesLog doLog
INFO: Добавлена молекула углерод х:294 y: 235
янв. 02, 2022 8:08:41 PM model.ErrMesLog doLog
INFO: Начало работы программы
янв. 02, 2022 8:08:44 PM model.ErrMesLog doLog
INFO: Добавлена молекула углерод х:121 y: 160
янв. 02, 2022 8:08:44 PM model.ErrMesLog doLog
INFO: Добавлена молекула углерод х:296 y: 239
янв. 02, 2022 8:10:29 PM model.ErrMesLog doLog
INFO: Начало работы программы
янв. 02, 2022 8:10:33 PM model.ErrMesLog doLog
INFO: Добавлена молекула углерод х:308 y: 233
янв. 02, 2022 8:12:23 PM model.ErrMesLog doLog
INFO: Начало работы программы
янв. 02, 2022 8:12:25 PM model.ErrMesLog doLog
INFO: Добавлена молекула углерод х:92 y: 87
янв. 02, 2022 8:12:26 PM model.ErrMesLog doLog
INFO: Добавлена молекула углерод х:256 y: 200
янв. 02, 2022 8:12:27 PM model.ErrMesLog doLog
INFO: Добавлена молекула углерод х:428 y: 53
янв. 02, 2022 8:14:43 PM model.ErrMesLog doLog
INFO: Начало работы программы
янв. 02, 2022 8:14:47 PM model.ErrMesLog doLog
INFO: Добавлена молекула углерод х:90 y: 102
янв. 02, 2022 8:14:48 PM model.ErrMesLog doLog
INFO: Добавлена молекула углерод х:205 y: 200
янв. 02, 2022 8:14:49 PM model.ErrMesLog doLog
INFO: Добавлена молекула углерод х:348 y: 94
янв. 02, 2022 8:15:32 PM model.ErrMesLog doLog
INFO: Начало работы программы
янв. 02, 2022 8:15:35 PM model.ErrMesLog doLog
INFO: Добавлена молекула углерод х:141 y: 122
янв. 02, 2022 8:15:36 PM model.ErrMesLog doLog
INFO: Добавлена молекула углерод х:288 y: 186
янв. 02, 2022 8:15:42 PM model.ErrMesLog doLog
INFO: Добавлена молекула углерод х:383 y: 73
янв. 02, 2022 10:01:46 PM model.ErrMesLog doLog
INFO: Добавлена молекула кислорода х:183 y: 346
янв. 02, 2022 10:01:48 PM model.ErrMesLog doLog
INFO: Добавлена молекула азота х:435 y: 304
янв. 02, 2022 10:01:49 PM model.ErrMesLog doLog
INFO: Добавлена молекула углерод х:595 y: 159
янв. 02, 2022 10:01:50 PM model.ErrMesLog doLog
INFO: Добавлена молекула водорода х:542 y: 59
янв. 04, 2022 3:52:30 PM model.ErrMesLog doLog
INFO: Начало работы программы
янв. 04, 2022 3:52:35 PM model.ErrMesLog doLog
INFO: Добавлен атом углерод х:75 y: 151
янв. 04, 2022 3:52:38 PM model.ErrMesLog doLog
INFO: Добавлен атом азота х:533 y: 109
янв. 04, 2022 3:52:41 PM model.ErrMesLog doLog
INFO: Добавлен атом кислорода х:176 y: 398
янв. 04, 2022 3:52:41 PM model.ErrMesLog doLog
INFO: Добавлен атом кислорода х:176 y: 398
янв. 04, 2022 3:52:42 PM model.ErrMesLog doLog
INFO: Добавлен атом кислорода х:176 y: 398
янв. 04, 2022 3:53:53 PM model.ErrMesLog doLog
INFO: Молекула кислорода удалена х:208 y: 310
янв. 04, 2022 3:54:07 PM model.ErrMesLog doLog
INFO: Молекула кислорода удалена х:208 y: 310
янв. 04, 2022 3:56:03 PM model.ErrMesLog doLog
INFO: Начало работы программы
янв. 04, 2022 3:56:06 PM model.ErrMesLog doLog
INFO: Добавлен атом углерод х:93 y: 132
янв. 04, 2022 3:56:07 PM model.ErrMesLog doLog
INFO: Добавлен атом углерод х:370 y: 162
янв. 04, 2022 3:57:18 PM model.ErrMesLog doLog
INFO: Начало работы программы
янв. 04, 2022 3:57:21 PM model.ErrMesLog doLog
INFO: Добавлен атом углерод х:141 y: 181
янв. 04, 2022 3:57:22 PM model.ErrMesLog doLog
INFO: Добавлен атом углерод х:305 y: 220
янв. 04, 2022 4:28:12 PM model.ErrMesLog doLog
INFO: Начало работы программы
янв. 04, 2022 4:28:15 PM model.ErrMesLog doLog
INFO: Добавлен атом углерод х:88 y: 160
янв. 04, 2022 4:28:23 PM model.ErrMesLog doLog
INFO: Добавлен атом углерод х:409 y: 147
янв. 04, 2022 4:28:25 PM model.ErrMesLog doLog
INFO: Добавлен атом углерод х:269 y: 376
янв. 04, 2022 4:29:07 PM model.ErrMesLog doLog
INFO: Начало работы программы
янв. 04, 2022 4:29:12 PM model.ErrMesLog doLog
INFO: Добавлен атом углерод х:133 y: 177
янв. 04, 2022 4:29:13 PM model.ErrMesLog doLog
INFO: Добавлен атом углерод х:424 y: 113
янв. 04, 2022 4:29:14 PM model.ErrMesLog doLog
INFO: Добавлен атом углерод х:328 y: 336
янв. 04, 2022 4:30:17 PM model.ErrMesLog doLog
INFO: Начало работы программы
янв. 04, 2022 4:30:20 PM model.ErrMesLog doLog
INFO: Добавлен атом углерод х:119 y: 195
янв. 04, 2022 4:30:21 PM model.ErrMesLog doLog
INFO: Добавлен атом углерод х:363 y: 153
янв. 04, 2022 4:30:22 PM model.ErrMesLog doLog
INFO: Добавлен атом углерод х:278 y: 316
янв. 04, 2022 4:37:30 PM model.ErrMesLog doLog
INFO: Начало работы программы
янв. 04, 2022 4:37:33 PM model.ErrMesLog doLog
INFO: Добавлен атом углерод х:97 y: 188
янв. 04, 2022 4:37:34 PM model.ErrMesLog doLog
INFO: Добавлен атом углерод х:417 y: 144
янв. 04, 2022 4:37:36 PM model.ErrMesLog doLog
INFO: Добавлен атом углерод х:314 y: 354
янв. 04, 2022 4:38:23 PM model.ErrMesLog doLog
INFO: Начало работы программы
янв. 04, 2022 4:38:26 PM model.ErrMesLog doLog
INFO: Добавлен атом углерод х:202 y: 183
янв. 04, 2022 4:38:29 PM model.ErrMesLog doLog
INFO: Добавлен атом углерод х:364 y: 143
янв. 04, 2022 4:38:31 PM model.ErrMesLog doLog
INFO: Добавлен атом углерод х:317 y: 307
янв. 04, 2022 4:39:56 PM model.ErrMesLog doLog
INFO: Начало работы программы
янв. 04, 2022 4:40:17 PM model.ErrMesLog doLog
INFO: Начало работы программы
янв. 04, 2022 4:40:20 PM model.ErrMesLog doLog
INFO: Добавлен атом углерод х:130 y: 155
янв. 04, 2022 4:40:21 PM model.ErrMesLog doLog
INFO: Добавлен атом углерод х:309 y: 343
янв. 04, 2022 4:40:22 PM model.ErrMesLog doLog
INFO: Добавлен атом углерод х:397 y: 138
янв. 04, 2022 4:50:03 PM model.ErrMesLog doLog
INFO: Начало работы программы
янв. 04, 2022 4:50:06 PM model.ErrMesLog doLog
INFO: Добавлен атом углерод х:28 y: 176
янв. 04, 2022 4:50:07 PM model.ErrMesLog doLog
INFO: Добавлен атом углерод х:369 y: 95
янв. 04, 2022 4:50:08 PM model.ErrMesLog doLog
INFO: Добавлен атом углерод х:349 y: 308
янв. 04, 2022 4:50:29 PM model.ErrMesLog doLog
INFO: Добавлен атом углерод х:451 y: 207
янв. 04, 2022 4:50:32 PM model.ErrMesLog doLog
INFO: Добавлен атом углерод х:453 y: 201
янв. 04, 2022 4:50:53 PM model.ErrMesLog doLog
INFO: Молекула углерода удалена х:451 y: 207
янв. 04, 2022 4:50:59 PM model.ErrMesLog doLog
INFO: Молекула углерода удалена х:453 y: 201
янв. 04, 2022 4:51:03 PM model.ErrMesLog doLog
INFO: Молекула углерода удалена х:349 y: 308
янв. 04, 2022 6:52:43 PM model.ErrMesLog doLog
INFO: Начало работы программы
янв. 04, 2022 6:53:17 PM model.ErrMesLog doLog
INFO: Добавлен атом углерод х:131 y: 164
янв. 04, 2022 6:53:18 PM model.ErrMesLog doLog
INFO: Добавлен атом углерод х:323 y: 130
янв. 04, 2022 6:53:22 PM model.ErrMesLog doLog
INFO: Добавлен атом азота х:521 y: 89
янв. 04, 2022 6:53:22 PM model.ErrMesLog doLog
INFO: Добавлен атом азота х:521 y: 89
янв. 04, 2022 6:53:25 PM model.ErrMesLog doLog
INFO: Добавлен атом кислорода х:325 y: 314
янв. 04, 2022 6:54:16 PM model.ErrMesLog doLog
INFO: Начало работы программы
янв. 04, 2022 6:54:18 PM model.ErrMesLog doLog
INFO: Добавлен атом углерод х:109 y: 131
янв. 04, 2022 6:54:29 PM model.ErrMesLog doLog
INFO: Добавлен атом углерод х:325 y: 125
янв. 04, 2022 6:54:31 PM model.ErrMesLog doLog
INFO: Добавлен атом азота х:534 y: 135
янв. 04, 2022 6:54:34 PM model.ErrMesLog doLog
INFO: Добавлен атом кислорода х:236 y: 245
янв. 04, 2022 6:56:17 PM model.ErrMesLog doLog
INFO: Начало работы программы
янв. 04, 2022 6:56:19 PM model.ErrMesLog doLog
INFO: Добавлен атом углерод х:96 y: 239
янв. 04, 2022 6:56:20 PM model.ErrMesLog doLog
INFO: Добавлен атом углерод х:316 y: 242
янв. 04, 2022 6:58:06 PM model.ErrMesLog doLog
INFO: Начало работы программы
янв. 04, 2022 6:58:47 PM model.ErrMesLog doLog
INFO: Начало работы программы
янв. 04, 2022 6:58:50 PM model.ErrMesLog doLog
INFO: Добавлен атом углерод х:82 y: 244
янв. 04, 2022 6:58:51 PM model.ErrMesLog doLog
INFO: Добавлен атом углерод х:277 y: 234
янв. 04, 2022 6:59:29 PM model.ErrMesLog doLog
INFO: Начало работы программы
янв. 04, 2022 6:59:33 PM model.ErrMesLog doLog
INFO: Добавлен атом углерод х:109 y: 231
янв. 04, 2022 6:59:34 PM model.ErrMesLog doLog
INFO: Добавлен атом углерод х:326 y: 205
янв. 04, 2022 6:59:47 PM model.ErrMesLog doLog
INFO: Добавлен атом углерод х:229 y: 409
янв. 04, 2022 7:00:21 PM model.ErrMesLog doLog
INFO: Добавлен атом кислорода х:198 y: 62
янв. 04, 2022 7:01:08 PM model.ErrMesLog doLog
INFO: Молекула углерода удалена х:246 y: 437
янв. 04, 2022 7:01:14 PM model.ErrMesLog doLog
INFO: Добавлен атом углерод х:213 y: 365
янв. 04, 2022 7:01:28 PM model.ErrMesLog doLog
INFO: Начало работы программы
янв. 04, 2022 7:01:31 PM model.ErrMesLog doLog
INFO: Добавлен атом углерод х:60 y: 278
янв. 04, 2022 7:01:32 PM model.ErrMesLog doLog
INFO: Добавлен атом углерод х:332 y: 249
янв. 04, 2022 7:01:33 PM model.ErrMesLog doLog
INFO: Добавлен атом углерод х:237 y: 383
янв. 04, 2022 7:01:37 PM model.ErrMesLog doLog
INFO: Добавлен атом кислорода х:181 y: 99
янв. 04, 2022 7:22:48 PM model.ErrMesLog doLog
INFO: Начало работы программы
янв. 04, 2022 7:22:54 PM model.ErrMesLog doLog
INFO: Добавлен атом углерод х:154 y: 143
янв. 04, 2022 7:22:56 PM model.ErrMesLog doLog
INFO: Добавлен атом углерод х:259 y: 211
янв. 04, 2022 7:24:00 PM model.ErrMesLog doLog
INFO: Начало работы программы
янв. 04, 2022 7:24:09 PM model.ErrMesLog doLog
INFO: Добавлен атом углерод х:65 y: 153
янв. 04, 2022 7:24:11 PM model.ErrMesLog doLog
INFO: Добавлен атом углерод х:375 y: 270
янв. 04, 2022 7:26:12 PM model.ErrMesLog doLog
INFO: Начало работы программы
янв. 04, 2022 7:26:16 PM model.ErrMesLog doLog
INFO: Добавлен атом углерод х:137 y: 147
янв. 04, 2022 7:26:18 PM model.ErrMesLog doLog
INFO: Добавлен атом углерод х:296 y: 210
янв. 04, 2022 7:26:53 PM model.ErrMesLog doLog
INFO: Начало работы программы
янв. 04, 2022 7:26:56 PM model.ErrMesLog doLog
INFO: Добавлен атом углерод х:120 y: 155
янв. 04, 2022 7:26:57 PM model.ErrMesLog doLog
INFO: Добавлен атом углерод х:274 y: 201
янв. 04, 2022 7:28:38 PM model.ErrMesLog doLog
INFO: Начало работы программы
янв. 04, 2022 7:28:42 PM model.ErrMesLog doLog
INFO: Добавлен атом углерод х:85 y: 209
янв. 04, 2022 7:28:42 PM model.ErrMesLog doLog
INFO: Добавлен атом углерод х:246 y: 207
янв. 04, 2022 7:29:17 PM model.ErrMesLog doLog
INFO: Начало работы программы
янв. 04, 2022 7:29:22 PM model.ErrMesLog doLog
INFO: Добавлен атом углерод х:98 y: 195
янв. 04, 2022 7:29:23 PM model.ErrMesLog doLog
INFO: Добавлен атом углерод х:285 y: 189
янв. 04, 2022 7:30:01 PM model.ErrMesLog doLog
INFO: Добавлен атом кислорода х:220 y: 322
янв. 04, 2022 7:30:02 PM model.ErrMesLog doLog
INFO: Добавлен атом кислорода х:395 y: 305
янв. 04, 2022 7:32:49 PM model.ErrMesLog doLog
INFO: Молекула кислорода удалена х:290 y: 247
янв. 04, 2022 7:36:20 PM model.ErrMesLog doLog
INFO: Начало работы программы
янв. 04, 2022 7:36:48 PM model.ErrMesLog doLog
INFO: Добавлен атом азота х:187 y: 207
янв. 04, 2022 7:36:53 PM model.ErrMesLog doLog
INFO: Добавлен атом водорода х:118 y: 170
янв. 04, 2022 7:36:54 PM model.ErrMesLog doLog
INFO: Добавлен атом водорода х:126 y: 250
янв. 04, 2022 7:36:56 PM model.ErrMesLog doLog
INFO: Добавлен атом водорода х:329 y: 166
янв. 04, 2022 7:36:58 PM model.ErrMesLog doLog
INFO: Добавлен атом водорода х:499 y: 119
янв. 04, 2022 7:37:03 PM model.ErrMesLog doLog
INFO: Добавлен атом углерод х:323 y: 207
янв. 04, 2022 7:37:06 PM model.ErrMesLog doLog
INFO: Добавлен атом углерод х:442 y: 196
янв. 04, 2022 7:37:09 PM model.ErrMesLog doLog
INFO: Добавлен атом кислорода х:488 y: 150
янв. 04, 2022 7:37:11 PM model.ErrMesLog doLog
INFO: Добавлен атом кислорода х:475 y: 241
янв. 04, 2022 7:37:11 PM model.ErrMesLog doLog
INFO: Добавлен атом кислорода х:475 y: 241
янв. 04, 2022 7:37:15 PM model.ErrMesLog doLog
INFO: Добавлен радикал х:329 y: 287
янв. 04, 2022 7:46:33 PM model.ErrMesLog doLog
INFO: Начало работы программы
янв. 04, 2022 7:46:35 PM model.ErrMesLog doLog
INFO: Добавлен атом кислорода х:54 y: 247
янв. 04, 2022 7:46:37 PM model.ErrMesLog doLog
INFO: Добавлен атом кислорода х:168 y: 244
янв. 05, 2022 8:37:31 PM model.ErrMesLog doLog
INFO: Начало работы программы
янв. 05, 2022 8:37:42 PM model.ErrMesLog doLog
INFO: Добавлен атом водорода х:126 y: 287
янв. 05, 2022 8:37:43 PM model.ErrMesLog doLog
INFO: Добавлен атом водорода х:126 y: 287
янв. 05, 2022 8:37:45 PM model.ErrMesLog doLog
INFO: Добавлен атом водорода х:384 y: 222
янв. 05, 2022 8:37:48 PM model.ErrMesLog doLog
INFO: Добавлен атом водорода х:224 y: 240
янв. 05, 2022 8:38:07 PM model.ErrMesLog doLog
INFO: Начало работы программы
янв. 05, 2022 8:47:23 PM model.ErrMesLog doLog
INFO: Добавлен атом водорода х:112 y: 134
янв. 05, 2022 8:47:27 PM model.ErrMesLog doLog
INFO: Добавлен атом углерод х:462 y: 166
янв. 05, 2022 8:47:32 PM model.ErrMesLog doLog
INFO: Добавлен атом азота х:535 y: 325
янв. 05, 2022 8:47:35 PM model.ErrMesLog doLog
INFO: Добавлен атом кислорода х:110 y: 362
янв. 05, 2022 8:47:38 PM model.ErrMesLog doLog
INFO: Добавлен радикал х:266 y: 87
янв. 05, 2022 8:52:08 PM model.ErrMesLog doLog
INFO: Молекулы сохранены
янв. 05, 2022 8:52:23 PM model.ErrMesLog doLog
INFO: Начало работы программы
янв. 05, 2022 9:01:33 PM model.ErrMesLog doLog
INFO: Начало работы программы
янв. 05, 2022 9:01:44 PM model.ErrMesLog doLog
INFO: Молекула водорода удалена х:266 y: 87
янв. 05, 2022 9:01:54 PM model.ErrMesLog doLog
INFO: Молекула углерода удалена х:462 y: 166
янв. 05, 2022 9:02:01 PM model.ErrMesLog doLog
INFO: Молекула кислорода удалена х:199 y: 272
янв. 05, 2022 9:02:38 PM model.ErrMesLog doLog
INFO: Молекула азота удалена х:535 y: 325
янв. 05, 2022 9:02:40 PM model.ErrMesLog doLog
INFO: Молекула водорода удалена х:96 y: 218
янв. 05, 2022 9:02:46 PM model.ErrMesLog doLog
INFO: Добавлен радикал х:202 y: 253
янв. 05, 2022 9:02:51 PM model.ErrMesLog doLog
INFO: Молекулы сохранены
янв. 05, 2022 9:02:54 PM model.ErrMesLog doLog
INFO: Молекула водорода удалена х:202 y: 253
янв. 05, 2022 9:13:26 PM model.ErrMesLog doLog
INFO: Молекула водорода удалена х:202 y: 253
янв. 05, 2022 9:13:31 PM model.ErrMesLog doLog
INFO: Добавлен атом кислорода х:92 y: 170
янв. 05, 2022 9:13:32 PM model.ErrMesLog doLog
INFO: Добавлен атом кислорода х:412 y: 129
янв. 11, 2022 1:27:17 PM model.ErrMesLog doLog
INFO: Начало работы программы
янв. 11, 2022 1:27:21 PM model.ErrMesLog doLog
INFO: Добавлен радикал х:273 y: 204
янв. 11, 2022 1:27:35 PM model.ErrMesLog doLog
INFO: Молекулы сохранены
янв. 11, 2022 1:27:48 PM model.ErrMesLog doLog
INFO: Начало работы программы
янв. 11, 2022 1:28:01 PM model.ErrMesLog doLog
INFO: Молекула водорода удалена х:273 y: 204
янв. 11, 2022 1:31:56 PM model.ErrMesLog doLog
INFO: Начало работы программы
янв. 11, 2022 1:31:59 PM model.ErrMesLog doLog
INFO: Добавлен атом углерод х:68 y: 148
янв. 11, 2022 1:32:01 PM model.ErrMesLog doLog
INFO: Добавлен атом углерод х:247 y: 255
янв. 11, 2022 1:37:30 PM model.ErrMesLog doLog
INFO: Начало работы программы
янв. 11, 2022 1:37:54 PM model.ErrMesLog doLog
INFO: Начало работы программы
янв. 11, 2022 1:37:57 PM model.ErrMesLog doLog
INFO: Добавлен атом углерод х:67 y: 138
янв. 11, 2022 1:37:58 PM model.ErrMesLog doLog
INFO: Добавлен атом углерод х:293 y: 231
янв. 11, 2022 1:39:39 PM model.ErrMesLog doLog
INFO: Начало работы программы
янв. 11, 2022 1:39:42 PM model.ErrMesLog doLog
INFO: Добавлен атом углерод х:153 y: 171
янв. 11, 2022 1:39:43 PM model.ErrMesLog doLog
INFO: Добавлен атом углерод х:434 y: 255
янв. 11, 2022 1:40:36 PM model.ErrMesLog doLog
INFO: Начало работы программы
янв. 11, 2022 1:40:38 PM model.ErrMesLog doLog
INFO: Добавлен атом углерод х:132 y: 145
янв. 11, 2022 1:40:39 PM model.ErrMesLog doLog
INFO: Добавлен атом углерод х:267 y: 244
янв. 11, 2022 1:41:36 PM model.ErrMesLog doLog
INFO: Начало работы программы
янв. 11, 2022 1:41:40 PM model.ErrMesLog doLog
INFO: Добавлен атом углерод х:87 y: 155
янв. 11, 2022 1:41:41 PM model.ErrMesLog doLog
INFO: Добавлен атом углерод х:350 y: 335
янв. 11, 2022 1:42:44 PM model.ErrMesLog doLog
INFO: Начало работы программы
янв. 11, 2022 1:42:47 PM model.ErrMesLog doLog
INFO: Добавлен атом углерод х:93 y: 145
янв. 11, 2022 1:42:48 PM model.ErrMesLog doLog
INFO: Добавлен атом углерод х:381 y: 243
янв. 11, 2022 1:58:40 PM model.ErrMesLog doLog
INFO: Начало работы программы
янв. 11, 2022 2:04:22 PM model.ErrMesLog doLog
INFO: Начало работы программы
янв. 11, 2022 2:04:25 PM model.ErrMesLog doLog
INFO: Добавлен атом водорода х:324 y: 194
янв. 11, 2022 2:04:27 PM model.ErrMesLog doLog
INFO: Добавлен атом углерод х:429 y: 359
янв. 11, 2022 2:04:47 PM model.ErrMesLog doLog
INFO: Молекула углерода удалена х:429 y: 359
янв. 11, 2022 2:04:49 PM model.ErrMesLog doLog
INFO: Молекула водорода удалена х:324 y: 194
янв. 11, 2022 2:04:51 PM model.ErrMesLog doLog
INFO: Молекулы сохранены
янв. 11, 2022 2:04:58 PM model.ErrMesLog doLog
INFO: Добавлен радикал х:242 y: 219
янв. 11, 2022 2:05:00 PM model.ErrMesLog doLog
INFO: Добавлен атом кислорода х:380 y: 177
янв. 11, 2022 2:05:02 PM model.ErrMesLog doLog
INFO: Добавлен атом азота х:341 y: 424
янв. 11, 2022 2:05:19 PM model.ErrMesLog doLog
INFO: Молекулы сохранены
янв. 11, 2022 2:05:21 PM model.ErrMesLog doLog
INFO: Молекула азота удалена х:341 y: 424
янв. 11, 2022 2:05:26 PM model.ErrMesLog doLog
INFO: Молекула кислорода удалена х:380 y: 177
янв. 11, 2022 2:05:29 PM model.ErrMesLog doLog
INFO: Молекула водорода удалена х:242 y: 219
янв. 11, 2022 2:14:31 PM model.ErrMesLog doLog
INFO: Начало работы программы
янв. 12, 2022 2:48:12 PM model.ErrMesLog doLog
INFO: Начало работы программы
янв. 12, 2022 2:48:46 PM model.ErrMesLog doLog
INFO: Добавлен атом водорода х:75 y: 163
янв. 12, 2022 2:48:47 PM model.ErrMesLog doLog
INFO: Добавлен атом водорода х:80 y: 294
янв. 12, 2022 2:48:50 PM model.ErrMesLog doLog
INFO: Добавлен атом водорода х:299 y: 133
янв. 12, 2022 2:48:51 PM model.ErrMesLog doLog
INFO: Добавлен атом водорода х:560 y: 50
янв. 12, 2022 2:48:55 PM model.ErrMesLog doLog
INFO: Добавлен атом углерод х:303 y: 235
янв. 12, 2022 2:48:59 PM model.ErrMesLog doLog
INFO: Добавлен атом углерод х:455 y: 216
янв. 12, 2022 2:49:03 PM model.ErrMesLog doLog
INFO: Добавлен атом кислорода х:533 y: 130
янв. 12, 2022 2:49:05 PM model.ErrMesLog doLog
INFO: Добавлен атом кислорода х:465 y: 328
янв. 12, 2022 2:49:11 PM model.ErrMesLog doLog
INFO: Добавлен атом азота х:140 y: 223
янв. 12, 2022 2:49:14 PM model.ErrMesLog doLog
INFO: Добавлен радикал х:304 y: 323
янв. 12, 2022 2:50:24 PM model.ErrMesLog doLog
INFO: Молекулы сохранены
янв. 12, 2022 2:50:32 PM model.ErrMesLog doLog
INFO: Молекула углерода удалена х:303 y: 235
янв. 12, 2022 2:50:36 PM model.ErrMesLog doLog
INFO: Молекула водорода удалена х:304 y: 323
янв. 12, 2022 2:50:41 PM model.ErrMesLog doLog
INFO: Молекула азота удалена х:140 y: 223
янв. 12, 2022 2:50:44 PM model.ErrMesLog doLog
INFO: Молекула водорода удалена х:80 y: 294
янв. 12, 2022 2:50:47 PM model.ErrMesLog doLog
INFO: Молекула водорода удалена х:75 y: 163
янв. 12, 2022 2:50:51 PM model.ErrMesLog doLog
INFO: Молекула водорода удалена х:299 y: 133
янв. 12, 2022 2:50:59 PM model.ErrMesLog doLog
INFO: Молекула углерода удалена х:441 y: 236
янв. 12, 2022 2:51:02 PM model.ErrMesLog doLog
INFO: Молекула кислорода удалена х:465 y: 328
янв. 12, 2022 2:51:08 PM model.ErrMesLog doLog
INFO: Молекула кислорода удалена х:533 y: 130
янв. 12, 2022 2:51:11 PM model.ErrMesLog doLog
INFO: Молекула водорода удалена х:570 y: 51
янв. 12, 2022 2:52:48 PM model.ErrMesLog doLog
INFO: Начало работы программы
янв. 12, 2022 2:53:00 PM model.ErrMesLog doLog
INFO: Добавлен атом водорода х:56 y: 183
янв. 12, 2022 2:53:01 PM model.ErrMesLog doLog
INFO: Добавлен атом водорода х:60 y: 300
янв. 12, 2022 2:53:03 PM model.ErrMesLog doLog
INFO: Добавлен атом водорода х:309 y: 126
янв. 12, 2022 2:53:06 PM model.ErrMesLog doLog
INFO: Добавлен атом водорода х:561 y: 73
янв. 12, 2022 2:53:11 PM model.ErrMesLog doLog
INFO: Добавлен атом углерод х:307 y: 219
янв. 12, 2022 2:53:14 PM model.ErrMesLog doLog
INFO: Добавлен атом углерод х:482 y: 179
янв. 12, 2022 2:53:17 PM model.ErrMesLog doLog
INFO: Добавлен атом кислорода х:476 y: 321
янв. 12, 2022 2:53:20 PM model.ErrMesLog doLog
INFO: Добавлен атом кислорода х:556 y: 134
янв. 12, 2022 2:53:23 PM model.ErrMesLog doLog
INFO: Добавлен атом азота х:135 y: 235
янв. 12, 2022 2:53:29 PM model.ErrMesLog doLog
INFO: Добавлен радикал х:287 y: 331
янв. 12, 2022 2:53:34 PM model.ErrMesLog doLog
INFO: Молекула углерода удалена х:482 y: 179
янв. 12, 2022 2:53:37 PM model.ErrMesLog doLog
INFO: Добавлен атом углерод х:449 y: 180
янв. 12, 2022 2:55:21 PM model.ErrMesLog doLog
INFO: Начало работы программы
янв. 12, 2022 2:55:24 PM model.ErrMesLog doLog
INFO: Добавлен атом кислорода х:268 y: 218
янв. 12, 2022 2:55:25 PM model.ErrMesLog doLog
INFO: Добавлен атом кислорода х:400 y: 345
янв. 12, 2022 2:56:28 PM model.ErrMesLog doLog
INFO: Молекула кислорода удалена х:268 y: 218
янв. 12, 2022 2:56:31 PM model.ErrMesLog doLog
INFO: Молекула кислорода удалена х:352 y: 326
янв. 12, 2022 2:56:37 PM model.ErrMesLog doLog
INFO: Добавлен атом углерод х:409 y: 232
янв. 12, 2022 2:56:39 PM model.ErrMesLog doLog
INFO: Добавлен атом углерод х:271 y: 227
янв. 12, 2022 2:56:42 PM model.ErrMesLog doLog
INFO: Добавлен атом кислорода х:479 y: 334
янв. 12, 2022 2:56:43 PM model.ErrMesLog doLog
INFO: Добавлен атом кислорода х:514 y: 165
янв. 12, 2022 2:57:05 PM model.ErrMesLog doLog
INFO: Добавлен атом водорода х:533 y: 50
янв. 12, 2022 2:58:56 PM model.ErrMesLog doLog
INFO: Молекула кислорода удалена х:501 y: 158
янв. 12, 2022 2:58:58 PM model.ErrMesLog doLog
INFO: Молекула кислорода удалена х:431 y: 346
янв. 12, 2022 2:59:01 PM model.ErrMesLog doLog
INFO: Добавлен атом кислорода х:468 y: 354
янв. 12, 2022 2:59:02 PM model.ErrMesLog doLog
INFO: Добавлен атом кислорода х:503 y: 135
янв. 12, 2022 2:59:32 PM model.ErrMesLog doLog
INFO: Добавлен атом водорода х:293 y: 121
янв. 12, 2022 2:59:34 PM model.ErrMesLog doLog
INFO: Добавлен атом водорода х:24 y: 171
янв. 12, 2022 2:59:35 PM model.ErrMesLog doLog
INFO: Добавлен атом водорода х:44 y: 392
янв. 12, 2022 2:59:38 PM model.ErrMesLog doLog
INFO: Добавлен атом азота х:122 y: 233
янв. 12, 2022 2:59:41 PM model.ErrMesLog doLog
INFO: Добавлен радикал х:281 y: 335
янв. 12, 2022 3:00:19 PM model.ErrMesLog doLog
INFO: Молекулы сохранены
янв. 12, 2022 3:00:24 PM model.ErrMesLog doLog
INFO: Молекула углерода удалена х:271 y: 227
янв. 12, 2022 3:00:29 PM model.ErrMesLog doLog
INFO: Молекула азота удалена х:122 y: 233
янв. 12, 2022 3:00:32 PM model.ErrMesLog doLog
INFO: Молекула водорода удалена х:44 y: 392
янв. 12, 2022 3:00:35 PM model.ErrMesLog doLog
INFO: Молекула водорода удалена х:24 y: 171
янв. 12, 2022 3:00:46 PM model.ErrMesLog doLog
INFO: Молекула водорода удалена х:533 y: 50
янв. 12, 2022 3:00:48 PM model.ErrMesLog doLog
INFO: Молекула кислорода удалена х:503 y: 135
янв. 12, 2022 3:00:57 PM model.ErrMesLog doLog
INFO: Молекула водорода удалена х:281 y: 335
янв. 12, 2022 3:01:00 PM model.ErrMesLog doLog
INFO: Молекула углерода удалена х:403 y: 235
янв. 12, 2022 3:01:02 PM model.ErrMesLog doLog
INFO: Молекула кислорода удалена х:414 y: 357
янв. 12, 2022 3:01:05 PM model.ErrMesLog doLog
INFO: Молекула водорода удалена х:293 y: 121
янв. 12, 2022 3:05:56 PM model.ErrMesLog doLog
INFO: Начало работы программы
янв. 12, 2022 3:37:12 PM model.ErrMesLog doLog
INFO: Начало работы программы
янв. 12, 2022 3:37:21 PM model.ErrMesLog doLog
INFO: Добавлен атом водорода х:49 y: 128
янв. 12, 2022 3:37:28 PM model.ErrMesLog doLog
INFO: Добавлен атом водорода х:52 y: 299
янв. 12, 2022 3:37:40 PM model.ErrMesLog doLog
INFO: Добавлен атом водорода х:549 y: 69
янв. 12, 2022 3:37:43 PM model.ErrMesLog doLog
INFO: Добавлен атом водорода х:300 y: 130
янв. 12, 2022 3:37:45 PM model.ErrMesLog doLog
INFO: Добавлен атом углерод х:289 y: 239
янв. 12, 2022 3:37:46 PM model.ErrMesLog doLog
INFO: Добавлен атом углерод х:465 y: 221
янв. 12, 2022 3:37:48 PM model.ErrMesLog doLog
INFO: Добавлен атом азота х:111 y: 225
янв. 12, 2022 3:37:50 PM model.ErrMesLog doLog
INFO: Добавлен атом кислорода х:560 y: 161
янв. 12, 2022 3:37:51 PM model.ErrMesLog doLog
INFO: Добавлен атом кислорода х:486 y: 356
янв. 12, 2022 3:37:54 PM model.ErrMesLog doLog
INFO: Добавлен радикал х:287 y: 347
янв. 12, 2022 3:39:09 PM model.ErrMesLog doLog
INFO: Молекулы сохранены
янв. 12, 2022 3:39:22 PM model.ErrMesLog doLog
INFO: Молекула углерода удалена х:289 y: 239
янв. 12, 2022 3:39:35 PM model.ErrMesLog doLog
INFO: Начало работы программы
